4.828880589545624e-13
8.669533006359661e-13
CtSC-I 3.553962050293388e-13

Natural orbitals:
orb: 0 False 2.0000000000003 -0.41795111294696036
orb: 1 False 2.000000000000174 -0.16228310515650418
orb: 2 False 2.000000000000122 -0.4305300667543685
orb: 3 False 2.00000000000004 -1.2667573880301262
orb: 4 False 2.0000000000000306 -1.160788104654453
orb: 5 False 2.0000000000000284 -5.013439572633554
orb: 6 False 2.000000000000026 -3.0599580411053675
orb: 7 False 2.000000000000025 -5.011846312052196
orb: 8 False 2.000000000000022 -5.404018261886454
orb: 9 False 2.00000000000002 -4.276852532473007
orb: 10 False 2.000000000000019 -6.013076516167846
orb: 11 False 2.0000000000000178 -5.353872675842134
orb: 12 False 2.0000000000000173 -7.068398764762186
orb: 13 False 2.0000000000000155 -7.197878725388594
orb: 14 False 2.0000000000000147 -9.355315606393534
orb: 15 False 2.000000000000014 -6.185529597757223
orb: 16 False 2.0000000000000124 -6.181683449657477
orb: 17 False 2.0000000000000115 -8.810352621644414
orb: 18 False 2.0000000000000107 -8.221567353190258
orb: 19 False 2.0000000000000098 -5.555246412861317
orb: 20 False 2.0000000000000093 -5.01209246133831
orb: 21 False 2.000000000000008 -8.644314385838724
orb: 22 False 2.0000000000000075 -8.807259085546288
orb: 23 False 2.0000000000000067 -12.351812913944794
orb: 24 False 2.000000000000006 -37.70888927545299
orb: 25 False 2.0000000000000053 -27.29484864868805
orb: 26 False 2.000000000000005 -12.727745730003093
orb: 27 False 2.000000000000004 -12.053652589726777
orb: 28 False 2.000000000000004 -24.093851303755528
orb: 29 False 2.000000000000003 -81.19804673138331
orb: 30 False 2.000000000000002 -25.46919988352148
orb: 31 False 2.0000000000000018 -52.62249111637565
orb: 32 False 2.000000000000001 -19.576074004727737
orb: 33 False 2.0 -15.728899916858822
orb: 34 False 1.9999999999999996 -23.82283753813967
orb: 35 False 1.9999999999999993 -25.678550992334777
orb: 36 False 1.9999999999999987 -18.144548141141293
orb: 37 False 1.9999999999999978 -28.044176169407308
orb: 38 False 1.999999999999997 -13.90897072649354
orb: 39 False 1.9999999999999962 -17.946460141147092
orb: 40 False 1.9999999999999956 -28.002377600076223
orb: 41 False 1.9999999999999953 -20.01091394869654
orb: 42 False 1.999999999999995 -23.33172270812448
orb: 43 False 1.9999999999999947 -8.109381128353425
orb: 44 False 1.9999999999999944 -9.920108313184082
orb: 45 False 1.9999999999999942 -12.0567923610216
orb: 46 False 1.9999999999999936 -14.570141653909447
orb: 47 False 1.9999999999999927 -17.9641666413279
orb: 48 False 1.9999999999999927 -32.15390801113151
orb: 49 False 1.9999999999999925 -14.013334904622393
orb: 50 False 1.9999999999999922 -16.743346361942116
orb: 51 False 1.9999999999999913 -48.99862608718575
orb: 52 False 1.9999999999999911 -33.65102973073841
orb: 53 False 1.9999999999999902 -50.925198094630026
orb: 54 False 1.99999999999999 -65.00664546220762
orb: 55 False 1.9999999999999898 -27.65358874948184
orb: 56 False 1.9999999999999885 -45.29286386643694
orb: 57 False 1.999999999999988 -34.63335112154192
orb: 58 False 1.9999999999999871 -17.745220422497404
orb: 59 False 1.9999999999999867 -15.989753753724592
orb: 60 False 1.9999999999999865 -23.936320183645716
orb: 61 False 1.999999999999986 -54.45247131487345
orb: 62 False 1.9999999999999847 -41.217097006738165
orb: 63 False 1.9999999999999842 -28.71243960108031
orb: 64 False 1.9999999999999838 -44.48728682498838
orb: 65 False 1.9999999999999822 -40.81165687395487
orb: 66 False 1.999999999999982 -23.3278128628313
orb: 67 False 1.9999999999999816 -51.260087756837656
orb: 68 False 1.99999999999998 -43.24010396268545
orb: 69 False 1.9999999999999791 -47.82247747873345
orb: 70 False 1.999999999999979 -42.90698304767477
orb: 71 False 1.9999999999999785 -80.02955415154545
orb: 72 False 1.999999999999978 -37.47374370262369
orb: 73 False 1.9999999999999776 -21.799471290119754
orb: 74 False 1.9999999999999767 -64.60813780836956
orb: 75 False 1.9999999999999765 -26.276879177262014
orb: 76 False 1.9999999999999756 -36.214775858396955
orb: 77 False 1.999999999999975 -64.9649085193303
orb: 78 False 1.9999999999999747 -68.52975224006192
orb: 79 False 1.9999999999999736 -23.05188535977881
orb: 80 False 1.999999999999973 -15.708387719908192
orb: 81 False 1.9999999999999718 -25.05304984554424
orb: 82 False 1.999999999999971 -15.798079100435189
orb: 83 False 1.9999999999999707 -23.43175558692148
orb: 84 False 1.9999999999999682 -29.75163687571204
orb: 85 False 1.9999999999999643 -69.02177846042187
orb: 86 False 1.9999999999999638 -38.99659356641976
orb: 87 False 1.9999999999999631 -71.33803587261626
orb: 88 False 1.9999999999999583 -9.755674227325928
orb: 89 False 1.9999999999999565 -23.232484509904875
orb: 90 False 1.9999999999999447 -84.69616874387481
orb: 91 False 1.9999999999998646 -0.41534401562022855
orb: 92 False 1.9999999999998188 -0.17158582748008938
orb: 93 False 1.9999999999996938 -0.4042161302224528
orb: 94 False 1.9999999596383802 -0.34436279006295556
orb: 95 False 1.999999958259594 -0.7244387484283609
orb: 96 False 1.9999999574605953 -0.5953694356498987
orb: 97 False 1.9999999278830303 -0.4448761080296624
orb: 98 False 1.9999998740340457 -0.36752601681181013
orb: 99 False 1.9999997644637326 -1.3283681579173816
orb: 100 False 1.9999994830812855 -0.4453233946105187
orb: 101 False 1.9999994711326332 -1.0305410651178275
orb: 102 False 1.9999994447711924 -1.019630827598589
orb: 103 False 1.9999993755399315 -0.4045029503285741
orb: 104 False 1.999999355201098 -0.40842302485261134
orb: 105 False 1.9999991907175998 -0.9687849402463693
orb: 106 False 1.9999957710273288 -0.8184189783357335
orb: 107 False 1.9999954867185064 -0.8522100449654755
orb: 108 False 1.9999952987207328 -0.841517818831224
orb: 109 False 1.9999559899717347 -1.0207762629057087
orb: 110 False 1.9999420563810024 -1.2850467070384668
orb: 111 False 1.9999415710689155 -1.2839365151932298
orb: 112 False 1.9999336013301832 -0.8017761927765665
orb: 113 False 1.999875908763273 -0.32168653771519135
orb: 114 False 1.9998656305613356 -0.34526989320364726
orb: 115 False 1.9997879866559434 -0.24618659970641513
orb: 116 False 1.9997827454617074 -0.23556986309214337
orb: 117 False 1.9997278402508516 -0.16654659987978648
orb: 118 False 1.999665775501952 0.022181285614581787
orb: 119 False 1.999572025679516 0.04487665257842578
orb: 120 False 1.9995194326304586 0.0075513217496027355
orb: 121 False 1.9995127062122795 0.012077977485907561
orb: 122 False 1.9987399816324183 0.048474213451803735
orb: 123 False 1.9987157979457297 0.04894105454036982
orb: 124 False 1.9540760049014665 0.2313846793584032
orb: 125 True 1.9138761138770315 0.2682813869838588
orb: 126 True 1.000000000000027 0.27763641235524233
orb: 127 True 1.0000000000000158 0.28799988382354214
orb: 128 True 1.0000000000000118 0.28033343613752265
orb: 129 True 1.0000000000000093 0.28753822763151593
orb: 130 True 1.000000000000008 0.2796867344322503
orb: 131 True 1.000000000000005 0.2890618506204951
orb: 132 True 1.0000000000000042 0.2907972039742189
orb: 133 True 1.000000000000001 0.29065742591990673
orb: 134 True 1.0 0.30120660780402836
orb: 135 True 0.999999999999999 0.2804665111847608
orb: 136 True 0.9999999999999979 0.29865331629007935
orb: 137 True 0.9999999999999939 0.29690714965186055
orb: 138 True 0.9999999999999934 0.2798452999435017
orb: 139 True 0.9999999999999888 0.303612662589145
orb: 140 True 0.999999999999988 0.29177621697058775
orb: 141 True 0.9999999999999856 0.28105791113547884
orb: 142 True 0.9999999999999832 0.28997282267163904
orb: 143 True 0.9999999999999615 0.27744581556266285
orb: 144 True 0.08612388612297228 0.4363731573685919
orb: 145 False 0.045923995098529735 0.48354581139044955
orb: 146 False 0.0012842020542753224 0.4450760962936416
orb: 147 False 0.0012600183675747396 0.44441463093322797
orb: 148 False 0.0004872937877101947 0.4875843749491293
orb: 149 False 0.0004805673695506379 0.4883129774795923
orb: 150 False 0.00042797432047665294 0.48829182294735957
orb: 151 False 0.0003342244980465925 0.4047078251088773
orb: 152 False 0.0002721597491652961 0.5247524345923257
orb: 153 False 0.00021725453828033226 0.565104282310012
orb: 154 False 0.00021201334406100087 0.5658297102532919
orb: 155 False 0.00013436943866498787 0.5101381531777238
orb: 156 False 0.00012409123672345638 0.5178798207844226
orb: 157 False 6.639866980457276e-05 0.6190108294691763
orb: 158 False 5.8428931126315086e-05 0.6075546636679808
orb: 159 False 5.794361897508737e-05 0.6081259575173494
orb: 160 False 4.4010028266709645e-05 0.5519678948794734
orb: 161 False 4.701279311115946e-06 0.4979535970564792
orb: 162 False 4.51328144002546e-06 0.499787932023228
orb: 163 False 4.2289726687994585e-06 0.4873474207025012
orb: 164 False 8.092823970940712e-07 0.6256908857876283
orb: 165 False 6.44798959401446e-07 0.6148820051389055
orb: 166 False 6.244600098039971e-07 0.6156194541924814
orb: 167 False 5.552287849478777e-07 0.6181601255355822
orb: 168 False 5.288673957634724e-07 0.6154367233023246
orb: 169 False 5.169187124476127e-07 0.6535536017854782
orb: 170 False 2.3553627325415582e-07 0.6244310056093033
orb: 171 False 1.2596596544986156e-07 0.655582214072867
orb: 172 False 7.211695330751023e-08 0.6306924761946661
orb: 173 False 4.25394289204617e-08 0.6669631877458898
orb: 174 False 4.1740398398112966e-08 0.6790384726765873
orb: 175 False 4.03616124220663e-08 0.6376575977299684
core orbs: (176, 125)
act  orbs: (176, 20)
vir  orbs: (176, 31)

[pm_loc_kernel]
 mocoeff.shape= (176, 125)
 tol= 1e-06
 maxcycle= 1000
 partition= 28 
 [[0, 1, 2, 3, 4, 5, 6, 7, 8], [9, 10, 11, 12, 13, 14, 15, 16, 17], [18, 19, 20, 21, 22, 23, 24, 25, 26], [27, 28, 29, 30, 31, 32, 33, 34, 35], [36, 37, 38, 39, 40, 41, 42, 43, 44, 45, 46, 47, 48, 49, 50, 51, 52, 53], [54, 55, 56, 57, 58, 59, 60, 61, 62, 63, 64, 65, 66, 67, 68, 69, 70, 71], [72, 73, 74, 75, 76, 77, 78, 79, 80, 81, 82, 83, 84, 85, 86, 87, 88, 89], [90, 91, 92, 93, 94, 95, 96, 97, 98, 99, 100, 101, 102, 103, 104, 105, 106, 107], [108, 109, 110, 111, 112, 113, 114, 115, 116], [117, 118, 119, 120, 121, 122, 123, 124, 125], [126, 127, 128, 129, 130, 131, 132, 133, 134], [135, 136, 137, 138, 139, 140, 141, 142, 143], [144, 145, 146, 147, 148], [149], [150], [151], [152, 153, 154, 155, 156], [157], [158], [159], [160, 161, 162, 163, 164], [165], [166], [167], [168, 169, 170, 171, 172], [173], [174], [175]]
 initial funval =  17.04030244637482
icycle= 0 delta= 37.846007816176176 fun= 54.88631026255099
icycle= 1 delta= 30.13196527173403 fun= 85.01827553428502
icycle= 2 delta= 13.823165008276778 fun= 98.8414405425618
icycle= 3 delta= 6.062340678407535 fun= 104.90378122096934
icycle= 4 delta= 2.9487712313421706 fun= 107.8525524523115
icycle= 5 delta= 0.9269898879552656 fun= 108.77954234026677
icycle= 6 delta= 0.24679968278677147 fun= 109.02634202305354
icycle= 7 delta= 0.03702047349700086 fun= 109.06336249655054
icycle= 8 delta= 0.005771382874583145 fun= 109.06913387942512
icycle= 9 delta= 0.0012372108983514528 fun= 109.07037109032348
icycle= 10 delta= 0.000274544853216705 fun= 109.07064563517669
icycle= 11 delta= 2.9508529976939432e-05 fun= 109.07067514370667
icycle= 12 delta= 3.726143067874653e-06 fun= 109.07067886984973
icycle= 13 delta= 2.882832774144807e-07 fun= 109.070679158133
CONG: PMloc converged!

[pm_loc_kernel]
 mocoeff.shape= (176, 20)
 tol= 1e-06
 maxcycle= 1000
 partition= 28 
 [[0, 1, 2, 3, 4, 5, 6, 7, 8], [9, 10, 11, 12, 13, 14, 15, 16, 17], [18, 19, 20, 21, 22, 23, 24, 25, 26], [27, 28, 29, 30, 31, 32, 33, 34, 35], [36, 37, 38, 39, 40, 41, 42, 43, 44, 45, 46, 47, 48, 49, 50, 51, 52, 53], [54, 55, 56, 57, 58, 59, 60, 61, 62, 63, 64, 65, 66, 67, 68, 69, 70, 71], [72, 73, 74, 75, 76, 77, 78, 79, 80, 81, 82, 83, 84, 85, 86, 87, 88, 89], [90, 91, 92, 93, 94, 95, 96, 97, 98, 99, 100, 101, 102, 103, 104, 105, 106, 107], [108, 109, 110, 111, 112, 113, 114, 115, 116], [117, 118, 119, 120, 121, 122, 123, 124, 125], [126, 127, 128, 129, 130, 131, 132, 133, 134], [135, 136, 137, 138, 139, 140, 141, 142, 143], [144, 145, 146, 147, 148], [149], [150], [151], [152, 153, 154, 155, 156], [157], [158], [159], [160, 161, 162, 163, 164], [165], [166], [167], [168, 169, 170, 171, 172], [173], [174], [175]]
 initial funval =  5.560410720104594
icycle= 0 delta= 6.726802322569836 fun= 12.28721304267443
icycle= 1 delta= 2.987803568354487 fun= 15.275016611028917
icycle= 2 delta= 0.8680770537829182 fun= 16.143093664811836
icycle= 3 delta= 0.25854724772330867 fun= 16.401640912535147
icycle= 4 delta= 0.033266320842132685 fun= 16.43490723337728
icycle= 5 delta= 0.011481959162714106 fun= 16.446389192539996
icycle= 6 delta= 0.0019986594790474886 fun= 16.448387852019042
icycle= 7 delta= 0.00014764972875818365 fun= 16.448535501747802
icycle= 8 delta= 8.237902027553233e-05 fun= 16.44861788076808
icycle= 9 delta= 3.17650499996733e-05 fun= 16.44864964581808
icycle= 10 delta= 6.503357066247577e-06 fun= 16.448656149175147
icycle= 11 delta= 4.0163329095454186e-07 fun= 16.448656550808437
CONG: PMloc converged!
diff= 3.625243154075914e-13

Lowdin population for LMOs:
diff= 3.7286404590533495e-13
 iorb= 0  occ= 1.999999999622092  <i|F|i>= -9.467776837525978
    iao= 24 C 1s      pop= 0.984180244979157
 iorb= 1  occ= 1.9999999995713382  <i|F|i>= -9.467260547232183
    iao= 12 C 1s      pop= 0.9841852107219492
 iorb= 2  occ= 1.9999999995525075  <i|F|i>= -9.46721530341025
    iao= 20 C 1s      pop= 0.9841981634424554
 iorb= 3  occ= 1.9999999995346953  <i|F|i>= -9.466946806442923
    iao= 16 C 1s      pop= 0.9841952776559324
 iorb= 4  occ= 1.99999999895329  <i|F|i>= -5.031395847205474
    iao= 11 S 2pz     pop= 0.48831108149988145
 iorb= 5  occ= 1.9999999989382238  <i|F|i>= -5.031179244537727
    iao= 9 S 2pz     pop= 0.4883116284028586
 iorb= 6  occ= 1.9999999989319988  <i|F|i>= -5.031389910452419
    iao= 10 S 2pz     pop= 0.4879872771585041
 iorb= 7  occ= 1.9999999989272808  <i|F|i>= -5.0313747704827945
    iao= 8 S 2pz     pop= 0.4969291228359914
 iorb= 8  occ= 1.9999999938221948  <i|F|i>= -86.71651382618167
    iao= 9 S 1s      pop= 0.9706955540550024
 iorb= 9  occ= 1.9999999937722037  <i|F|i>= -86.70728298226872
    iao= 8 S 1s      pop= 0.9703631059071344
 iorb= 10  occ= 1.999999993701504  <i|F|i>= -86.71245226962557
    iao= 11 S 1s      pop= 0.9706461669095003
 iorb= 11  occ= 1.9999999931390526  <i|F|i>= -86.69750737832271
    iao= 10 S 1s      pop= 0.969986728529359
 iorb= 12  occ= 1.9999999896947087  <i|F|i>= -86.82907958790314
    iao= 0 S 1s      pop= 0.963464158452184
 iorb= 13  occ= 1.9999999894417624  <i|F|i>= -86.83271612713715
    iao= 1 S 1s      pop= 0.9637109896311977
 iorb= 14  occ= 1.9999999890731968  <i|F|i>= -86.79959678631354
    iao= 2 S 1s      pop= 0.9644486615621982
 iorb= 15  occ= 1.999999988603984  <i|F|i>= -86.83501470656415
    iao= 3 S 1s      pop= 0.9634446446618902
 iorb= 16  occ= 1.999999979429923  <i|F|i>= -117.64935800789429
    iao= 6 Fe 2pz     pop= 0.40062689858822087
 iorb= 17  occ= 1.999999978537836  <i|F|i>= -46.067819620400755
    iao= 4 Fe 2px     pop= 0.535274792215793
 iorb= 18  occ= 1.9999999777922348  <i|F|i>= -119.72013894542405
    iao= 5 Fe 2py     pop= 0.4261564253746657
 iorb= 19  occ= 1.9999999772051986  <i|F|i>= -45.496792595852035
    iao= 7 Fe 2py     pop= 0.7750401846060755
 iorb= 20  occ= 1.9999999746143122  <i|F|i>= -101.33242960156784
    iao= 7 Fe 2pz     pop= 0.4356509887053878
 iorb= 21  occ= 1.999999974054647  <i|F|i>= -105.13923071683621
    iao= 6 Fe 2pz     pop= 0.5032520536738356
 iorb= 22  occ= 1.9999999736804015  <i|F|i>= -163.4663720660218
    iao= 4 Fe 1s      pop= 0.5003881404342152
 iorb= 23  occ= 1.999999967781366  <i|F|i>= -98.70522962448813
    iao= 5 Fe 2px     pop= 0.5528728729819691
 iorb= 24  occ= 1.9999999673960747  <i|F|i>= -127.56253654504562
    iao= 7 Fe 2px     pop= 0.4662144332841449
 iorb= 25  occ= 1.9999999664072001  <i|F|i>= -84.33279853986578
    iao= 5 Fe 2py     pop= 0.5226141102085604
 iorb= 26  occ= 1.9999999630853673  <i|F|i>= -25.988871625438208
    iao= 5 Fe 2pz     pop= 0.9013425645808102
 iorb= 27  occ= 1.9999999628432772  <i|F|i>= -51.28274841548917
    iao= 4 Fe 2px     pop= 0.42482910359577414
 iorb= 28  occ= 1.9999999623017444  <i|F|i>= -70.63265851004307
    iao= 4 Fe 2py     pop= 0.6455835342770381
 iorb= 29  occ= 1.9999999613168025  <i|F|i>= -26.425628399211092
    iao= 6 Fe 2py     pop= 0.5316475691821778
 iorb= 30  occ= 1.9999999609265369  <i|F|i>= -82.2757386902624
    iao= 6 Fe 2px     pop= 0.45783937254627194
 iorb= 31  occ= 1.9999999594410798  <i|F|i>= -57.093741812365096
    iao= 7 Fe 2pz     pop= 0.4161977423044436
 iorb= 32  occ= 1.9999998932722185  <i|F|i>= -5.530320645380514
    iao= 3 S 2px     pop= 0.5173579790412505
 iorb= 33  occ= 1.9999998932147758  <i|F|i>= -5.530203759232098
    iao= 0 S 2py     pop= 0.5225233121017522
 iorb= 34  occ= 1.9999998915762836  <i|F|i>= -5.514024404760657
    iao= 2 S 2px     pop= 0.5219363744652452
 iorb= 35  occ= 1.9999998915337356  <i|F|i>= -5.530670588541587
    iao= 1 S 2py     pop= 0.5180030872882824
 iorb= 36  occ= 1.9999998880152956  <i|F|i>= -5.438579843647895
    iao= 8 S 2pz     pop= 0.37456497816807505
 iorb= 37  occ= 1.9999998877149001  <i|F|i>= -5.431332858367945
    iao= 9 S 2pz     pop= 0.3824076782803651
 iorb= 38  occ= 1.9999998871407874  <i|F|i>= -5.433420505166835
    iao= 11 S 2pz     pop= 0.3825055260689032
 iorb= 39  occ= 1.9999998857145072  <i|F|i>= -5.4475227433293885
    iao= 10 S 2pz     pop= 0.3824473479337096
 iorb= 40  occ= 1.9999996318137785  <i|F|i>= -29.0539976286777
    iao= 7 Fe 2s      pop= 0.7516881980261176
 iorb= 41  occ= 1.9999996287007773  <i|F|i>= -29.089063714159753
    iao= 4 Fe 2s      pop= 0.7500365023242526
 iorb= 42  occ= 1.9999996264377387  <i|F|i>= -31.7930093729451
    iao= 5 Fe 2s      pop= 0.7978289426384373
 iorb= 43  occ= 1.9999996209677449  <i|F|i>= -29.05796449394202
    iao= 6 Fe 2s      pop= 0.7473015697361348
 iorb= 44  occ= 1.999999518321812  <i|F|i>= -5.067098566098481
    iao= 8 S 2px     pop= 0.5312295442496981
 iorb= 45  occ= 1.9999995160610304  <i|F|i>= -5.064024827917482
    iao= 9 S 2px     pop= 0.5273690615773499
 iorb= 46  occ= 1.9999995126385919  <i|F|i>= -5.064109124479929
    iao= 11 S 2py     pop= 0.5271235163549541
 iorb= 47  occ= 1.9999994944898396  <i|F|i>= -5.065352376803494
    iao= 10 S 2py     pop= 0.5299906960960822
 iorb= 48  occ= 1.999999467433582  <i|F|i>= -5.077583316511796
    iao= 1 S 2px     pop= 0.900925149476144
 iorb= 49  occ= 1.9999994614110557  <i|F|i>= -5.0775065686695235
    iao= 3 S 2py     pop= 0.900768616659522
 iorb= 50  occ= 1.999999388230452  <i|F|i>= -5.077271519572772
    iao= 1 S 2pz     pop= 0.614349004811258
 iorb= 51  occ= 1.9999993879917595  <i|F|i>= -5.07741590832097
    iao= 3 S 2pz     pop= 0.6144437418454206
 iorb= 52  occ= 1.9999993753227634  <i|F|i>= -5.078473690099196
    iao= 2 S 2py     pop= 0.9050808126405545
 iorb= 53  occ= 1.9999993708844637  <i|F|i>= -5.076362379243756
    iao= 0 S 2px     pop= 0.9019345867018511
 iorb= 54  occ= 1.999999302292586  <i|F|i>= -5.076475354896868
    iao= 0 S 2pz     pop= 0.6224921270401761
 iorb= 55  occ= 1.99999926532085  <i|F|i>= -5.117625230776735
    iao= 2 S 2pz     pop= 0.6223562744055222
 iorb= 56  occ= 1.9999977659584245  <i|F|i>= -0.16531535624967073
    iao= 19 H 1s      pop= 0.47978145889628715
 iorb= 57  occ= 1.9999977503437614  <i|F|i>= -0.1657634598181389
    iao= 22 H 1s      pop= 0.4797115867874701
 iorb= 58  occ= 1.999997748852079  <i|F|i>= -0.16587710258923427
    iao= 26 H 1s      pop= 0.47987532038193537
 iorb= 59  occ= 1.9999976640420045  <i|F|i>= -0.16554089452341922
    iao= 15 H 1s      pop= 0.47991296800689637
 iorb= 60  occ= 1.9999975870950129  <i|F|i>= -0.16136689682139407
    iao= 27 H 1s      pop= 0.48021915327602405
 iorb= 61  occ= 1.9999975865646795  <i|F|i>= -0.16178974127165976
    iao= 17 H 1s      pop= 0.48021017053096743
 iorb= 62  occ= 1.9999975795946534  <i|F|i>= -0.16165033956261635
    iao= 23 H 1s      pop= 0.4800881583338149
 iorb= 63  occ= 1.9999975489717987  <i|F|i>= -0.1623295231230425
    iao= 13 H 1s      pop= 0.48014367899784743
 iorb= 64  occ= 1.999996297234697  <i|F|i>= -6.050004249083761
    iao= 8 S 2s      pop= 0.772402944079697
 iorb= 65  occ= 1.9999962212526219  <i|F|i>= -6.042197971166358
    iao= 10 S 2s      pop= 0.7714853639992297
 iorb= 66  occ= 1.9999961467246923  <i|F|i>= -6.0411908161807375
    iao= 11 S 2s      pop= 0.7726071291159561
 iorb= 67  occ= 1.9999961267537147  <i|F|i>= -6.038896788289657
    iao= 9 S 2s      pop= 0.7721637861314606
 iorb= 68  occ= 1.999994591118771  <i|F|i>= -0.17822769107619435
    iao= 14 H 1s      pop= 0.4931318845055284
 iorb= 69  occ= 1.9999944807626457  <i|F|i>= -0.17835038462404548
    iao= 25 H 1s      pop= 0.4931169667635812
 iorb= 70  occ= 1.9999944162260908  <i|F|i>= -0.1779345404329556
    iao= 18 H 1s      pop= 0.493044523042874
 iorb= 71  occ= 1.9999944063689277  <i|F|i>= -0.1782239423940961
    iao= 21 H 1s      pop= 0.49300749486880663
 iorb= 72  occ= 1.9999938948330753  <i|F|i>= -0.09333946140003589
    iao= 8 S 3px     pop= 0.3113068348042657
 iorb= 73  occ= 1.9999938346455326  <i|F|i>= -0.09528816052667236
    iao= 11 S 3py     pop= 0.30851661145631176
 iorb= 74  occ= 1.9999938210524877  <i|F|i>= -0.09519219183596199
    iao= 9 S 3px     pop= 0.3090051751442637
 iorb= 75  occ= 1.9999935832936233  <i|F|i>= -0.09188666883755818
    iao= 10 S 3py     pop= 0.31024536825684135
 iorb= 76  occ= 1.9999757253930925  <i|F|i>= -2.9775900091325433
    iao= 4 Fe 3s      pop= 0.7335743084426587
 iorb= 77  occ= 1.9999757162816871  <i|F|i>= -2.978704230723154
    iao= 7 Fe 3s      pop= 0.7341796211195618
 iorb= 78  occ= 1.9999755655380265  <i|F|i>= -2.972470565621316
    iao= 6 Fe 3s      pop= 0.7318441593955087
 iorb= 79  occ= 1.9999753018734145  <i|F|i>= -2.9788042357226527
    iao= 5 Fe 3s      pop= 0.734534670719404
 iorb= 80  occ= 1.9999692067231907  <i|F|i>= -1.9117304243949922
    iao= 7 Fe 3py     pop= 0.6814176601336233
 iorb= 81  occ= 1.9999691063859673  <i|F|i>= -1.914048554751179
    iao= 4 Fe 3px     pop= 0.6828307221097006
 iorb= 82  occ= 1.9999690778757713  <i|F|i>= -1.9138205204658136
    iao= 5 Fe 3py     pop= 0.6829925524353759
 iorb= 83  occ= 1.999968906873687  <i|F|i>= -1.914775386222651
    iao= 6 Fe 3px     pop= 0.6820666127462999
 iorb= 84  occ= 1.9999669786879013  <i|F|i>= -2.2334304438560153
    iao= 7 Fe 3px     pop= 0.5357794777777372
 iorb= 85  occ= 1.9999669123286679  <i|F|i>= -2.2327649711271227
    iao= 5 Fe 3px     pop= 0.5317814050530429
 iorb= 86  occ= 1.9999668553386512  <i|F|i>= -2.2357289838955676
    iao= 4 Fe 3py     pop= 0.5349312193884954
 iorb= 87  occ= 1.9999668387289113  <i|F|i>= -2.2354854403707733
    iao= 6 Fe 3py     pop= 0.5312576198489336
 iorb= 88  occ= 1.9999621911222698  <i|F|i>= 0.16801215030918804
    iao= 8 S 3pz     pop= 0.43871687984124236
 iorb= 89  occ= 1.9999619589605542  <i|F|i>= 0.16783829827148924
    iao= 11 S 3pz     pop= 0.43700087804127574
 iorb= 90  occ= 1.999961854759989  <i|F|i>= 0.16800380256054584
    iao= 9 S 3pz     pop= 0.43708641398315873
 iorb= 91  occ= 1.9999616929562845  <i|F|i>= 0.16764606962597373
    iao= 10 S 3pz     pop= 0.43356551360481116
 iorb= 92  occ= 1.9999611327646036  <i|F|i>= -1.9021717811706444
    iao= 4 Fe 3pz     pop= 0.4750564901726163
 iorb= 93  occ= 1.9999610704119064  <i|F|i>= -1.9022344557186521
    iao= 5 Fe 3pz     pop= 0.4718507312394117
 iorb= 94  occ= 1.9999610494341815  <i|F|i>= -1.9026957219793088
    iao= 6 Fe 3pz     pop= 0.47155753667537514
 iorb= 95  occ= 1.999961038642142  <i|F|i>= -1.9019049740222314
    iao= 7 Fe 3pz     pop= 0.47475346291655296
 iorb= 96  occ= 1.999955935667704  <i|F|i>= -0.9404846808729432
    iao= 8 S 3s      pop= 0.7784339658094876
 iorb= 97  occ= 1.9999553283678797  <i|F|i>= -0.9506277744069779
    iao= 11 S 3s      pop= 0.7751046287708641
 iorb= 98  occ= 1.9999552884314757  <i|F|i>= -0.9501500638098056
    iao= 9 S 3s      pop= 0.7752535049294397
 iorb= 99  occ= 1.999954513441843  <i|F|i>= -0.9501854487344753
    iao= 10 S 3s      pop= 0.7767633847379954
 iorb= 100  occ= 1.9999543117807976  <i|F|i>= -5.80724076016313
    iao= 2 S 2s      pop= 0.7353605870006886
 iorb= 101  occ= 1.9999538689331338  <i|F|i>= -5.803561470230968
    iao= 0 S 2s      pop= 0.7350639989026041
 iorb= 102  occ= 1.9999529666488272  <i|F|i>= -5.80114514028221
    iao= 1 S 2s      pop= 0.7349265765968852
 iorb= 103  occ= 1.9999529193094328  <i|F|i>= -5.799208781495828
    iao= 3 S 2s      pop= 0.7340479967661658
 iorb= 104  occ= 1.9996392940582732  <i|F|i>= -1.0950151697263775
    iao= 2 S 3s      pop= 0.7341676181463259
 iorb= 105  occ= 1.9996367838814082  <i|F|i>= -1.09572868501078
    iao= 0 S 3s      pop= 0.7335563825261598
 iorb= 106  occ= 1.9996303085048281  <i|F|i>= -1.097921754301568
    iao= 1 S 3s      pop= 0.7327073536416326
 iorb= 107  occ= 1.999629929943267  <i|F|i>= -1.097325291068973
    iao= 3 S 3s      pop= 0.7329891688447282
 iorb= 108  occ= 1.9993049781566963  <i|F|i>= -0.0393996070735263
    iao= 0 S 3px     pop= 0.29931482550788513
 iorb= 109  occ= 1.999303491467143  <i|F|i>= -0.03934749669013287
    iao= 2 S 3py     pop= 0.2995913609337651
 iorb= 110  occ= 1.9992990120694683  <i|F|i>= -0.038072914915418705
    iao= 1 S 3px     pop= 0.30266169184931835
 iorb= 111  occ= 1.9992916032685784  <i|F|i>= -0.03811936351097641
    iao= 3 S 3py     pop= 0.30268659140303317
 iorb= 112  occ= 1.9990590592407689  <i|F|i>= 0.0013679507183130416
    iao= 2 S 3pz     pop= 0.5823176832599507
 iorb= 113  occ= 1.9990571779817468  <i|F|i>= -0.002320860495559012
    iao= 2 S 3py     pop= 0.3191957920448157
 iorb= 114  occ= 1.9990548532147439  <i|F|i>= -0.001834921944294736
    iao= 3 S 3pz     pop= 0.58067348516775
 iorb= 115  occ= 1.9990520159324228  <i|F|i>= -0.0021750490174224655
    iao= 1 S 3pz     pop= 0.5806080414199051
 iorb= 116  occ= 1.9990513777629175  <i|F|i>= 0.00030467028923780384
    iao= 0 S 3pz     pop= 0.5818168929094202
 iorb= 117  occ= 1.9990511893395637  <i|F|i>= -0.0020894483355981272
    iao= 0 S 3px     pop= 0.31946231235383543
 iorb= 118  occ= 1.9990505600574537  <i|F|i>= -0.004090965025533234
    iao= 1 S 3px     pop= 0.3162052536659635
 iorb= 119  occ= 1.9990405999269656  <i|F|i>= -0.003923201861904226
    iao= 3 S 3py     pop= 0.3161168361441324
 iorb= 120  occ= 1.9988305755730214  <i|F|i>= -0.007641709818584695
    iao= 11 S 3px     pop= 0.39525171866058084
 iorb= 121  occ= 1.9988248093873926  <i|F|i>= -0.007430525314021344
    iao= 9 S 3py     pop= 0.3945872259178828
 iorb= 122  occ= 1.9988132721985685  <i|F|i>= -0.006652184165845303
    iao= 8 S 3py     pop= 0.3935500902881614
 iorb= 123  occ= 1.9987961314089198  <i|F|i>= -0.007930544039499249
    iao= 10 S 3px     pop= 0.3911580364226404
 iorb= 124  occ= 1.9662978662760213  <i|F|i>= 0.12260712840669616
    iao= 5 Fe 3dxz    pop= 0.08789862546431199
 iorb= 125  occ= 1.125727489553554  <i|F|i>= 0.2762226243918401
    iao= 7 Fe 3dxy    pop= 0.6240249684152184
 iorb= 126  occ= 1.123663825499753  <i|F|i>= 0.2759156277945372
    iao= 4 Fe 3dxy    pop= 0.6242710972226315
 iorb= 127  occ= 1.1219019465117472  <i|F|i>= 0.2762105705457532
    iao= 5 Fe 3dxy    pop= 0.6349153404488723
 iorb= 128  occ= 1.1189295255091365  <i|F|i>= 0.27579110747754315
    iao= 6 Fe 3dxy    pop= 0.6370128917042029
 iorb= 129  occ= 1.0395369836403965  <i|F|i>= 0.30175987147776034
    iao= 6 Fe 3dyz    pop= 0.3865670626138222
 iorb= 130  occ= 1.035901323694813  <i|F|i>= 0.3022930100827676
    iao= 7 Fe 3dxz    pop= 0.4008389940694357
 iorb= 131  occ= 1.034341380469061  <i|F|i>= 0.2854074761359913
    iao= 4 Fe 3dxz    pop= 0.6527501319978761
 iorb= 132  occ= 1.0334055964996303  <i|F|i>= 0.2855676507197058
    iao= 7 Fe 3dyz    pop= 0.6532572467206778
 iorb= 133  occ= 1.0299951445518527  <i|F|i>= 0.2848526685831956
    iao= 6 Fe 3dxz    pop= 0.6688410903992034
 iorb= 134  occ= 1.0290553478106803  <i|F|i>= 0.28531893201872033
    iao= 5 Fe 3dyz    pop= 0.6731930738755528
 iorb= 135  occ= 1.0076261819920622  <i|F|i>= 0.29911539569058354
    iao= 4 Fe 3dyz    pop= 0.3882209552141617
 iorb= 136  occ= 1.0000143133367707  <i|F|i>= 0.2902910886449101
    iao= 7 Fe 3dx2-y2  pop= 0.4047672779384113
 iorb= 137  occ= 1.000006834278001  <i|F|i>= 0.28999962183673694
    iao= 4 Fe 3dx2-y2  pop= 0.40397070512296945
 iorb= 138  occ= 1.0000034089544674  <i|F|i>= 0.2899220251911938
    iao= 4 Fe 3dz^2   pop= 0.5999858092876245
 iorb= 139  occ= 1.0000011831890723  <i|F|i>= 0.2901696457125957
    iao= 7 Fe 3dz^2   pop= 0.5990560551428475
 iorb= 140  occ= 1.0000005245557884  <i|F|i>= 0.2891038353159991
    iao= 6 Fe 3dx2-y2  pop= 0.410253103921318
 iorb= 141  occ= 1.0000000805126885  <i|F|i>= 0.28946230162162573
    iao= 6 Fe 3dz^2   pop= 0.6034289173618766
 iorb= 142  occ= 0.9999998469714285  <i|F|i>= 0.28960036253407245
    iao= 5 Fe 3dx2-y2  pop= 0.41499056833674985
 iorb= 143  occ= 0.9999995032676136  <i|F|i>= 0.29025490684786454
    iao= 5 Fe 3dz^2   pop= 0.600008813636705
 iorb= 144  occ= 0.29988955920145033  <i|F|i>= 0.4220513104274886
    iao= 5 Fe 4py     pop= 0.07407875772616627
 iorb= 145  occ= 0.007461534614928965  <i|F|i>= 0.582671510869357
    iao= 6 Fe 4py     pop= 0.5754283638933483
 iorb= 146  occ= 0.007210759310877037  <i|F|i>= 0.5847162268538939
    iao= 7 Fe 4px     pop= 0.5755409764478658
 iorb= 147  occ= 0.0071719096561343254  <i|F|i>= 0.584118439986426
    iao= 5 Fe 4px     pop= 0.5784421318613465
 iorb= 148  occ= 0.007138841515927513  <i|F|i>= 0.5842946700196568
    iao= 4 Fe 4py     pop= 0.5752741373240117
 iorb= 149  occ= 0.005009799602511757  <i|F|i>= 0.5150878079289494
    iao= 7 Fe 4pz     pop= 0.5373465838430315
 iorb= 150  occ= 0.004881773336232236  <i|F|i>= 0.5165260098628348
    iao= 6 Fe 4pz     pop= 0.5411961371254536
 iorb= 151  occ= 0.004256527309871118  <i|F|i>= 0.5142620283579693
    iao= 4 Fe 4pz     pop= 0.5383253282610247
 iorb= 152  occ= 0.004191356358559139  <i|F|i>= 0.524628185780463
    iao= 5 Fe 4pz     pop= 0.5404526394117349
 iorb= 153  occ= 0.0006210729097945767  <i|F|i>= 0.5104265637260021
    iao= 6 Fe 4px     pop= 0.4828770256317115
 iorb= 154  occ= 0.0005593198731691292  <i|F|i>= 0.5122859997047836
    iao= 7 Fe 4py     pop= 0.4827532969258175
 iorb= 155  occ= 0.0004696070086927123  <i|F|i>= 0.5107273241125874
    iao= 4 Fe 4px     pop= 0.48351111423028154
 iorb= 156  occ= 0.0003619366654634605  <i|F|i>= 0.47364152360260336
    iao= 7 Fe 4s      pop= 0.46840448608003876
 iorb= 157  occ= 0.0003606103571837525  <i|F|i>= 0.5295929870027516
    iao= 5 Fe 4py     pop= 0.49414258495390856
 iorb= 158  occ= 0.0003596749863862541  <i|F|i>= 0.4743499799555775
    iao= 4 Fe 4s      pop= 0.4700254363615533
 iorb= 159  occ= 0.0003574652398065377  <i|F|i>= 0.47230432647095083
    iao= 6 Fe 4s      pop= 0.46887299434023477
 iorb= 160  occ= 0.0003372327287067437  <i|F|i>= 0.474682530455682
    iao= 5 Fe 4s      pop= 0.471162539023498
 iorb= 161  occ= 0.00019211776250498635  <i|F|i>= 0.4749009845144498
    iao= 11 S 3py     pop= 0.3559050229963458
 iorb= 162  occ= 0.00019147754851231013  <i|F|i>= 0.4715132037772077
    iao= 8 S 3px     pop= 0.35956005356230497
 iorb= 163  occ= 8.545155097179296e-05  <i|F|i>= 0.47555724975289054
    iao= 9 S 3px     pop= 0.35685298539315885
 iorb= 164  occ= 2.434246646136574e-05  <i|F|i>= 0.6481536505628644
    iao= 22 H 1s      pop= 0.5158549814854166
 iorb= 165  occ= 2.35829642750644e-05  <i|F|i>= 0.6483723863889888
    iao= 19 H 1s      pop= 0.5157798019589414
 iorb= 166  occ= 2.2539832143190152e-05  <i|F|i>= 0.6407005106537588
    iao= 13 H 1s      pop= 0.5160016748017203
 iorb= 167  occ= 2.1915522742149107e-05  <i|F|i>= 0.6461458915505703
    iao= 26 H 1s      pop= 0.5157384963923921
 iorb= 168  occ= 2.0820435534088646e-05  <i|F|i>= 0.641171184419664
    iao= 23 H 1s      pop= 0.5157050581569694
 iorb= 169  occ= 2.0558425647277636e-05  <i|F|i>= 0.6463775184438713
    iao= 15 H 1s      pop= 0.5162585393459662
 iorb= 170  occ= 1.681609517120865e-05  <i|F|i>= 0.6379486690422216
    iao= 27 H 1s      pop= 0.5156937866918885
 iorb= 171  occ= 1.5297527430082457e-05  <i|F|i>= 0.6421647743752571
    iao= 17 H 1s      pop= 0.5155318405544991
 iorb= 172  occ= 5.213176060916438e-06  <i|F|i>= 0.6244263779758941
    iao= 21 H 1s      pop= 0.4983667968175994
 iorb= 173  occ= 4.829233487835266e-06  <i|F|i>= 0.6245306379038965
    iao= 18 H 1s      pop= 0.4983084477709871
 iorb= 174  occ= 4.68566924353165e-06  <i|F|i>= 0.624172660718834
    iao= 25 H 1s      pop= 0.4984398499071478
 iorb= 175  occ= 3.556717086739908e-06  <i|F|i>= 0.6246421705370729
    iao= 14 H 1s      pop= 0.49819399104953455
nelec= 269.99999999999807
Dump into hs_bp86.h5
Dump into hs_bp86_lmo.molden
nalpha,nbeta,mol.spin,nb: 144.0 126.0 18 176
finished t = 11.214691638946533
