bash: cannot set terminal process group (-1): Inappropriate ioctl for device
bash: no job control in this shell
 
:: initializing oneAPI environment ...
   bash: BASH_VERSION = 5.0.17(1)-release
   args: Using "$@" for setvars.sh arguments: --force
:: advisor -- latest
:: ccl -- latest
:: compiler -- latest
:: dal -- latest
:: debugger -- latest
:: dev-utilities -- latest
:: dnnl -- latest
:: dpcpp-ct -- latest
:: dpl -- latest
:: inspector -- latest
:: ipp -- latest
:: ippcp -- latest
:: itac -- latest
:: mkl -- latest
:: mpi -- latest
:: tbb -- latest
:: vtune -- latest
:: oneAPI environment initialized ::
 
------------------------ /usr/share/modules/modulefiles ------------------------
dot  module-git  module-info  modules  null  use.own  
ERROR: Unable to locate a modulefile for 'jmol-16.1.47'
------------------------ /usr/share/modules/modulefiles ------------------------
dot  module-git  module-info  modules  null  use.own  
ERROR: Unable to locate a modulefile for 'jmol-16.1.47'
/home/amychoi7/programs/anaconda/envs/pyscf
/home/amychoi7/programs/pyscf/pyscf/dft/libxc.py:772: UserWarning: Since PySCF-2.3, B3LYP (and B3P86) are changed to the VWN-RPA variant, corresponding to the original definition by Stephens et al. (issue 1480) and the same as the B3LYP functional in Gaussian. To restore the VWN5 definition, you can put the setting "B3LYP_WITH_VWN5 = True" in pyscf_conf.py
  warnings.warn('Since PySCF-2.3, B3LYP (and B3P86) are changed to the VWN-RPA variant, '
WARN: system HOMO -0.0636138217932461 >= system LUMO -0.312823605707848
WARN: system HOMO 0.227943538326377 >= system LUMO -0.247467176246635
WARN: system HOMO 1.97132018593293 >= system LUMO 1.20264907355668
WARN: system HOMO 1.40057852570425 >= system LUMO 0.780305360668237
WARN: system HOMO 1.21215708238248 >= system LUMO 0.69284320496345
WARN: system HOMO 1.20459873062488 >= system LUMO 0.646230553870488
WARN: system HOMO 1.20810752165477 >= system LUMO 0.630988763455441
WARN: system HOMO 1.20818536048804 >= system LUMO 0.630034383325685
WARN: system HOMO 1.20701129796223 >= system LUMO 0.631480282464865
WARN: system HOMO 1.05846790690975 >= system LUMO 0.748780705558945
WARN: system HOMO 0.357500978682812 >= system LUMO -2.40711298262996
WARN: system HOMO 3.05667855722509 >= system LUMO 2.42958821935997
WARN: system HOMO 3.06725044916385 >= system LUMO 2.43757523336073
WARN: system HOMO 3.0685114809045 >= system LUMO 2.43735610825285
WARN: system HOMO 3.09354526876039 >= system LUMO 2.45884363630867
WARN: system HOMO 3.05101012931846 >= system LUMO 2.42457575881872
WARN: system HOMO 3.05288612272246 >= system LUMO 2.42672893333572
WARN: system HOMO 3.64996457540987 >= system LUMO 2.86828748650345
WARN: system HOMO 4.97161219837082 >= system LUMO 3.70230254043091
WARN: system HOMO 0.308409533246146 >= system LUMO -2.62998454188288
WARN: system HOMO 5.04562036930148 >= system LUMO 3.77021699639042
WARN: system HOMO 4.94797650407708 >= system LUMO 3.70046044874021
WARN: system HOMO 4.92606527143961 >= system LUMO 3.68152831988
WARN: system HOMO 4.9166034490433 >= system LUMO 3.67595124023865
WARN: system HOMO 4.92126295502935 >= system LUMO 3.67677104042783
WARN: system HOMO 4.91836784445743 >= system LUMO 3.67590803366279
WARN: system HOMO 4.93749095174809 >= system LUMO 3.68102066637364
WARN: system HOMO 4.96033893082655 >= system LUMO 3.68609010984632
WARN: system HOMO 0.50109559131638 >= system LUMO -2.53015791753736
WARN: system HOMO 4.89452597994101 >= system LUMO 3.74825722124408
WARN: system HOMO 4.86286738421605 >= system LUMO 3.725823344386
WARN: system HOMO 4.72378437909552 >= system LUMO 3.6108296058854
WARN: system HOMO 4.68595455627305 >= system LUMO 3.58035692969033
WARN: system HOMO 4.57979775922474 >= system LUMO 3.50151038092436
WARN: system HOMO 4.52618784494049 >= system LUMO 3.46463937467656
WARN: system HOMO 4.52178839296397 >= system LUMO 3.46155430085718
WARN: system HOMO 4.50499079175948 >= system LUMO 3.45167954694534
WARN: system HOMO 0.458086085411854 >= system LUMO -2.49615395692551
WARN: system HOMO 4.60792977166795 >= system LUMO 3.5334381320071
WARN: system HOMO 4.64002925286363 >= system LUMO 3.55477934808582
WARN: system HOMO 4.86570659874086 >= system LUMO 3.73110990522144
WARN: system HOMO 4.77296816735191 >= system LUMO 3.6566307883077
WARN: system HOMO 4.7031356877083 >= system LUMO 3.59943835913405
WARN: system HOMO 4.49966638366907 >= system LUMO 3.45994070547309
WARN: system HOMO 4.46354996281185 >= system LUMO 3.43119283632348
WARN: system HOMO 4.46887478757823 >= system LUMO 3.43391831151846
WARN: system HOMO 0.464851987262785 >= system LUMO -2.50964434369828
WARN: system HOMO 4.54337798096721 >= system LUMO 3.48987670850262
WARN: system HOMO 4.5382729783099 >= system LUMO 3.48595448687854
WARN: system HOMO 4.86877528862958 >= system LUMO 3.73042611090118
WARN: system HOMO 4.77618749794687 >= system LUMO 3.65581377214749
WARN: system HOMO 4.72341524828579 >= system LUMO 3.61393340786511
WARN: system HOMO 4.52176235980534 >= system LUMO 3.47144187049299
WARN: system HOMO 4.47667824701619 >= system LUMO 3.42398051733682
WARN: system HOMO 4.4714503544017 >= system LUMO 3.42785183648968
WARN: system HOMO 0.455879355870602 >= system LUMO -2.50615962345352
WARN: system HOMO 4.45764602407391 >= system LUMO 3.40377066526468
WARN: system HOMO 4.49405258109332 >= system LUMO 3.44112103495812
WARN: system HOMO 4.81371337191233 >= system LUMO 3.68508131568453
WARN: system HOMO 4.77039216203234 >= system LUMO 3.65036159489352
WARN: system HOMO 4.79805612286554 >= system LUMO 3.67239965598505
WARN: system HOMO 4.84913785717358 >= system LUMO 3.71225170801838
WARN: system HOMO 4.74980346730983 >= system LUMO 3.63257698980356
WARN: system HOMO 4.59923661572113 >= system LUMO 3.52881644595413
WARN: system HOMO 0.448578108690028 >= system LUMO -2.48239912459597
WARN: system HOMO 4.6372947270592 >= system LUMO 3.54691690459966
WARN: system HOMO 4.64032256770741 >= system LUMO 3.54955938399976
WARN: system HOMO 4.71157182255232 >= system LUMO 3.59896105507614
WARN: system HOMO 4.71541393057497 >= system LUMO 3.60073286515478
WARN: system HOMO 4.72755231649828 >= system LUMO 3.6098060540366
WARN: system HOMO 4.80548779229574 >= system LUMO 3.67118721543721
WARN: system HOMO 4.76716202458133 >= system LUMO 3.64045689848638
WARN: system HOMO 4.73362596430913 >= system LUMO 3.61414463244541
WARN: system HOMO 0.435721463045798 >= system LUMO -2.49553106079291
WARN: system HOMO 4.67170705213036 >= system LUMO 3.57268192689744
WARN: system HOMO 4.7429452153861 >= system LUMO 3.62541760783649
WARN: system HOMO 4.70908526316618 >= system LUMO 3.60100001135938
WARN: system HOMO 4.6806488509065 >= system LUMO 3.57867227271628
WARN: system HOMO 4.67935403950321 >= system LUMO 3.57700514214648
WARN: system HOMO 4.87293306157307 >= system LUMO 3.72538988405644
WARN: system HOMO 4.6788662192473 >= system LUMO 3.57770668516986
WARN: system HOMO 4.69502501480899 >= system LUMO 3.58924205959935
WARN: system HOMO 0.438484938363112 >= system LUMO -2.49466476867619
WARN: system HOMO 4.6831842568467 >= system LUMO 3.57900568910326
WARN: system HOMO 4.74212649063841 >= system LUMO 3.62390676133789
WARN: system HOMO 4.7374108087928 >= system LUMO 3.620621150471
WARN: system HOMO 4.7471100919285 >= system LUMO 3.62859085686255
WARN: system HOMO 4.7143019975095 >= system LUMO 3.60226080196583
WARN: system HOMO 4.69358259868863 >= system LUMO 3.58773877966416
WARN: system HOMO 4.7507420181888 >= system LUMO 3.62959842696729
WARN: system HOMO 4.74773088483103 >= system LUMO 3.62829231364061
WARN: system HOMO 0.44243606536154 >= system LUMO -2.49756277718422
WARN: system HOMO 4.74968130546027 >= system LUMO 3.63158344288593
WARN: system HOMO 4.76479379503775 >= system LUMO 3.64410152566602
WARN: system HOMO 4.75902985475057 >= system LUMO 3.6383352445522
WARN: system HOMO 4.74739770182779 >= system LUMO 3.62867934147801
WARN: system HOMO 4.75087719962347 >= system LUMO 3.63142382011236
WARN: system HOMO 4.84781568566918 >= system LUMO 3.71058109293623
WARN: system HOMO 4.59569777104818 >= system LUMO 3.51665415409535
WARN: system HOMO 4.57497369924273 >= system LUMO 3.50241077976231
WARN: system HOMO 0.454610539698829 >= system LUMO -2.49111258942387
WARN: system HOMO 4.64206333363742 >= system LUMO 3.5529564056038
WARN: system HOMO 4.59984517469622 >= system LUMO 3.51938841006032
WARN: system HOMO 4.60361006677393 >= system LUMO 3.52150067385584
WARN: system HOMO 4.65820106468903 >= system LUMO 3.56287430026897
WARN: system HOMO 4.93204917671217 >= system LUMO 3.76647972876318
WARN: system HOMO 4.86968244113016 >= system LUMO 3.72703954321345
WARN: system HOMO 4.56185764299775 >= system LUMO 3.49972241889643
WARN: system HOMO 4.54156284524107 >= system LUMO 3.47790202810237
WARN: system HOMO 0.451282114490428 >= system LUMO -2.50006450123322
WARN: system HOMO 4.51832242203774 >= system LUMO 3.46226796112299
WARN: system HOMO 4.52474734242652 >= system LUMO 3.46832390849642
WARN: system HOMO 4.63304424943394 >= system LUMO 3.54982638202671
WARN: system HOMO 4.5555020243947 >= system LUMO 3.50040446680628
WARN: system HOMO 4.83886181649838 >= system LUMO 3.70323222916613
WARN: system HOMO 4.85374485849442 >= system LUMO 3.71514756798705
WARN: system HOMO 4.5790726202082 >= system LUMO 3.51304366798019
WARN: system HOMO 4.52704849427168 >= system LUMO 3.46593833691755
WARN: system HOMO 0.454985802421638 >= system LUMO -2.50416571669911
WARN: system HOMO 4.48663969178306 >= system LUMO 3.42472162800102
WARN: system HOMO 4.50261829606493 >= system LUMO 3.43872323796208
WARN: system HOMO 4.6327722392785 >= system LUMO 3.54832310342951
WARN: system HOMO 4.62053361128322 >= system LUMO 3.54002571593642
WARN: system HOMO 4.90610203092999 >= system LUMO 3.74609897619988
WARN: system HOMO 4.87471746890538 >= system LUMO 3.72649231496417
WARN: system HOMO 4.58231325240946 >= system LUMO 3.51502055754531
WARN: system HOMO 4.57874277594086 >= system LUMO 3.51319441671428
WARN: system HOMO 0.454551481887072 >= system LUMO -2.49867095627613
WARN: system HOMO 4.54558691287873 >= system LUMO 3.49086211520523
WARN: system HOMO 4.59454048432008 >= system LUMO 3.52257999127773
WARN: system HOMO 4.594014883049 >= system LUMO 3.52104201640965
WARN: system HOMO 4.69984807630778 >= system LUMO 3.59527036803104
WARN: system HOMO 4.90308266938447 >= system LUMO 3.75042875086729
WARN: system HOMO 4.8833335563439 >= system LUMO 3.7380613283189
WARN: system HOMO 4.52087194294829 >= system LUMO 3.45926649738773
WARN: system HOMO 4.45609777129721 >= system LUMO 3.40458661411396
WARN: system HOMO 0.457617975460625 >= system LUMO -2.50689808857155
WARN: system HOMO 4.43678356965145 >= system LUMO 3.38836000975041
WARN: system HOMO 4.53321054081136 >= system LUMO 3.47308552665476
WARN: system HOMO 4.54479830178448 >= system LUMO 3.48325094948574
WARN: system HOMO 4.72262785600774 >= system LUMO 3.61133651557064
WARN: system HOMO 4.81735566500731 >= system LUMO 3.6861549026186
WARN: system HOMO 4.86152902771922 >= system LUMO 3.72188114370836
WARN: system HOMO 4.47291596357915 >= system LUMO 3.41426952113512
WARN: system HOMO 4.45232480512796 >= system LUMO 3.40078696832025
WARN: system HOMO 0.451289760319661 >= system LUMO -2.5036894140311
WARN: system HOMO 4.43683655194803 >= system LUMO 3.38138226407125
WARN: system HOMO 4.42531856938617 >= system LUMO 3.36998856116272
WARN: system HOMO 4.51343563467413 >= system LUMO 3.44814565087497
WARN: system HOMO 4.75173192237349 >= system LUMO 3.63262140927705
WARN: system HOMO 4.81184590041272 >= system LUMO 3.6805833384059
WARN: system HOMO 4.84264706990451 >= system LUMO 3.70543020383798
WARN: system HOMO 4.59279314542652 >= system LUMO 3.52417776923257
WARN: system HOMO 4.60178757961152 >= system LUMO 3.52962947233279
WARN: system HOMO 0.465049413295152 >= system LUMO -2.50285016191932
WARN: system HOMO 4.58263302822027 >= system LUMO 3.51734288956399
WARN: system HOMO 4.60160427224418 >= system LUMO 3.5293456922468
WARN: system HOMO 4.54086695713217 >= system LUMO 3.49138777867345
WARN: system HOMO 4.70372826800978 >= system LUMO 3.60059913425192
WARN: system HOMO 4.69154324387186 >= system LUMO 3.59209962056835
WARN: system HOMO 4.91620979992562 >= system LUMO 3.76380362804108
WARN: system HOMO 4.68331185152278 >= system LUMO 3.58567906181359
WARN: system HOMO 4.61956617666646 >= system LUMO 3.54155439988028
WARN: system HOMO 0.440184900189482 >= system LUMO -2.47941671955245
WARN: system HOMO 4.63245492889569 >= system LUMO 3.54621789526987
WARN: system HOMO 4.62690833590734 >= system LUMO 3.54261194622224
WARN: system HOMO 4.64480116611426 >= system LUMO 3.55599459497335
WARN: system HOMO 4.60454085972457 >= system LUMO 3.52121788552752
WARN: system HOMO 4.62906840728864 >= system LUMO 3.54204122015833
WARN: system HOMO 4.8811398681277 >= system LUMO 3.72836556751111
WARN: system HOMO 4.84554643500857 >= system LUMO 3.70316563963687
WARN: system HOMO 4.5997891893411 >= system LUMO 3.52356099319767
WARN: system HOMO 0.455572178935788 >= system LUMO -2.50537969250984
WARN: system HOMO 4.61404659228901 >= system LUMO 3.53965809935504
WARN: system HOMO 4.64451080656193 >= system LUMO 3.55925180182608
WARN: system HOMO 4.65296474413342 >= system LUMO 3.56495807853513
WARN: system HOMO 4.63298908739022 >= system LUMO 3.55194338327388
WARN: system HOMO 4.64070033996805 >= system LUMO 3.55664921062393
WARN: system HOMO 4.89253783954084 >= system LUMO 3.74909893215744
WARN: system HOMO 4.86240462742197 >= system LUMO 3.7268372489586
WARN: system HOMO 4.49343702840239 >= system LUMO 3.44073432361079
WARN: system HOMO 0.450374424056398 >= system LUMO -2.50776773278463
WARN: system HOMO 4.54109168675038 >= system LUMO 3.47293171366494
WARN: system HOMO 4.52981434373206 >= system LUMO 3.46319468222821
WARN: system HOMO 4.5642525738903 >= system LUMO 3.49970834743541
WARN: system HOMO 4.56734286405675 >= system LUMO 3.50359643664192
WARN: system HOMO 4.65260049462423 >= system LUMO 3.55948947945478
WARN: system HOMO 4.83855581391696 >= system LUMO 3.70026046940234
WARN: system HOMO 4.85169036564692 >= system LUMO 3.71051285533262
WARN: system HOMO 4.64730099946819 >= system LUMO 3.55805907216032
WARN: system HOMO 0.446867581667461 >= system LUMO -2.49000403720223
WARN: system HOMO 4.54466197708085 >= system LUMO 3.48617113279676
WARN: system HOMO 4.59422025161358 >= system LUMO 3.51749331806076
WARN: system HOMO 4.61052341381291 >= system LUMO 3.52915296533513
WARN: system HOMO 4.61562875231749 >= system LUMO 3.53355587127721
WARN: system HOMO 4.61333153795787 >= system LUMO 3.53118074050861
WARN: system HOMO 4.80382274659324 >= system LUMO 3.67435493708121
WARN: system HOMO 4.81523411176051 >= system LUMO 3.68337432207357
WARN: system HOMO 4.67263015422154 >= system LUMO 3.57414304250435
WARN: system HOMO 0.4411766186321 >= system LUMO -2.49303526341293
WARN: system HOMO 4.69444967470656 >= system LUMO 3.59169992993795
WARN: system HOMO 4.69529246296661 >= system LUMO 3.59255866650404
WARN: system HOMO 4.6676208761163 >= system LUMO 3.57217160606143
WARN: system HOMO 4.65159022923238 >= system LUMO 3.56082841303625
WARN: system HOMO 4.72857188988554 >= system LUMO 3.61709983848591
WARN: system HOMO 4.72649416679566 >= system LUMO 3.61575682379453
WARN: system HOMO 4.73236889429376 >= system LUMO 3.62036551977136
WARN: system HOMO 4.77845113336218 >= system LUMO 3.65720047049013
WARN: system HOMO 0.441827575882909 >= system LUMO -2.47359841521068
WARN: system HOMO 4.7983470712084 >= system LUMO 3.67115865657247
WARN: system HOMO 4.79598395980139 >= system LUMO 3.66915092974699
WARN: system HOMO 4.78998868740093 >= system LUMO 3.66436040319216
WARN: system HOMO 4.83562017958983 >= system LUMO 3.70150171584745
WARN: system HOMO 4.64257429204601 >= system LUMO 3.55341228570497
WARN: system HOMO 4.62412561296949 >= system LUMO 3.54066522181277
WARN: system HOMO 4.62666039771221 >= system LUMO 3.54133934861805
WARN: system HOMO 4.60796556488577 >= system LUMO 3.5293408702805
WARN: system HOMO 0.442863108630875 >= system LUMO -2.48749101206557
WARN: system HOMO 4.6149578435046 >= system LUMO 3.53281233581736
WARN: system HOMO 4.61818546449316 >= system LUMO 3.53473120919753
WARN: system HOMO 4.83887626100283 >= system LUMO 3.70282549999905
WARN: system HOMO 4.83990278065962 >= system LUMO 3.70366440959596
WARN: system HOMO 4.5849921281202 >= system LUMO 3.51098699325559
WARN: system HOMO 4.58565082598886 >= system LUMO 3.5134451464091
WARN: system HOMO 4.5926796357014 >= system LUMO 3.51642196546357
WARN: system HOMO 4.58708405551512 >= system LUMO 3.51151112462621
WARN: system HOMO 0.450147330015224 >= system LUMO -2.49913596967947
WARN: system HOMO 4.56777946586852 >= system LUMO 3.50426923473765
WARN: system HOMO 4.59902052068496 >= system LUMO 3.52570550855214
WARN: system HOMO 4.88773929725637 >= system LUMO 3.74262626526311
WARN: system HOMO 4.86188993494054 >= system LUMO 3.72435792090196
WARN: system HOMO 4.58635334023534 >= system LUMO 3.51825178070576
WARN: system HOMO 4.57621891131375 >= system LUMO 3.51208598863502
WARN: system HOMO 4.57457897817859 >= system LUMO 3.51078725594821
WARN: system HOMO 4.57056150513605 >= system LUMO 3.5085040693885
WARN: system HOMO 0.444276888674866 >= system LUMO -2.49422936532936
WARN: system HOMO 4.53441975532762 >= system LUMO 3.45939110707906
WARN: system HOMO 4.5724444175836 >= system LUMO 3.48951820079638
WARN: system HOMO 4.87268794680234 >= system LUMO 3.72716908337492
WARN: system HOMO 4.87548368204794 >= system LUMO 3.72921860822671
WARN: system HOMO 4.68526327842203 >= system LUMO 3.5831918985891
WARN: system HOMO 4.54944495470421 >= system LUMO 3.4777408062731
WARN: system HOMO 4.51554891180077 >= system LUMO 3.45288052162868
WARN: system HOMO 4.5336124344576 >= system LUMO 3.47085469417536
WARN: system HOMO 0.462864519295558 >= system LUMO -2.49667301696693
WARN: system HOMO 4.54151739788701 >= system LUMO 3.49386345669814
WARN: system HOMO 4.5329901244147 >= system LUMO 3.48775524249415
WARN: system HOMO 4.84910950478338 >= system LUMO 3.71551712274763
WARN: system HOMO 4.86558142942823 >= system LUMO 3.72838487243775
WARN: system HOMO 4.72010743315859 >= system LUMO 3.61168722048953
WARN: system HOMO 4.59786521990973 >= system LUMO 3.52736813097475
WARN: system HOMO 4.57141797226273 >= system LUMO 3.51168927491511
WARN: system HOMO 4.57167035414589 >= system LUMO 3.51153148594024
WARN: system HOMO 0.450916132343769 >= system LUMO -2.50198979523191
WARN: system HOMO 4.55056317669018 >= system LUMO 3.4961072176804
WARN: system HOMO 4.5563065789593 >= system LUMO 3.49797057899346
WARN: system HOMO 4.65843840291531 >= system LUMO 3.56775997067376
WARN: system HOMO 4.86744571492786 >= system LUMO 3.72842357362936
WARN: system HOMO 4.74224321122775 >= system LUMO 3.62930910519938
WARN: system HOMO 4.72295704466009 >= system LUMO 3.61382604595835
WARN: system HOMO 4.61794825780558 >= system LUMO 3.53744196973364
WARN: system HOMO 4.60847315500155 >= system LUMO 3.53068170218166
WARN: system HOMO 0.440891357858807 >= system LUMO -2.48948322594474
WARN: system HOMO 4.59282812877095 >= system LUMO 3.51599201070377
WARN: system HOMO 4.59261053864977 >= system LUMO 3.51568782890391
WARN: system HOMO 4.63342222060691 >= system LUMO 3.54724507563264
WARN: system HOMO 4.94233451059981 >= system LUMO 3.77006690696343
WARN: system HOMO 4.75178397341495 >= system LUMO 3.63318798748436
WARN: system HOMO 4.76224864526269 >= system LUMO 3.64125121624532
WARN: system HOMO 4.55079707498653 >= system LUMO 3.47920493613375
WARN: system HOMO 4.50489847480216 >= system LUMO 3.44470564137812
WARN: system HOMO 0.443188996304159 >= system LUMO -2.48681980627279
WARN: system HOMO 4.50485449388308 >= system LUMO 3.4329135784869
WARN: system HOMO 4.52726025357587 >= system LUMO 3.45229999365181
WARN: system HOMO 4.50632683973437 >= system LUMO 3.42965730008778
WARN: system HOMO 4.89923824082388 >= system LUMO 3.74600662905997
WARN: system HOMO 4.77022831439678 >= system LUMO 3.64699467183468
WARN: system HOMO 4.77864507522035 >= system LUMO 3.65339602771469
WARN: system HOMO 4.55133853055002 >= system LUMO 3.48552888525754
WARN: system HOMO 4.54288492392232 >= system LUMO 3.47911408955758
WARN: system HOMO 0.442520215888008 >= system LUMO -2.49438623597543
WARN: system HOMO 4.50262781778725 >= system LUMO 3.44971661579402
WARN: system HOMO 4.52939391259622 >= system LUMO 3.48297853995256
WARN: system HOMO 4.50922225983446 >= system LUMO 3.46108325527065
WARN: system HOMO 4.8282593606438 >= system LUMO 3.69733974302241
WARN: system HOMO 4.82642167872573 >= system LUMO 3.69585392198715
WARN: system HOMO 4.78241728997704 >= system LUMO 3.66043775775694
WARN: system HOMO 4.75030006944835 >= system LUMO 3.6339095282739
WARN: system HOMO 4.70177964893658 >= system LUMO 3.59666733761775
WARN: system HOMO 0.440188096079655 >= system LUMO -2.47963664292075
WARN: system HOMO 4.74065829564663 >= system LUMO 3.62765168681638
WARN: system HOMO 4.72483127192302 >= system LUMO 3.61522497172911
WARN: system HOMO 4.69732864493674 >= system LUMO 3.59439971987605
WARN: system HOMO 4.68354702921309 >= system LUMO 3.58407528020617
WARN: system HOMO 4.761927496417 >= system LUMO 3.64550249802685
WARN: system HOMO 4.80987132415199 >= system LUMO 3.68514016827204
WARN: system HOMO 4.59220573465429 >= system LUMO 3.52140159255766
WARN: system HOMO 4.59834370618979 >= system LUMO 3.52525656513186
WARN: system HOMO 0.451386983457024 >= system LUMO -2.49540077275471
WARN: system HOMO 4.70668605923938 >= system LUMO 3.60333183524723
WARN: system HOMO 4.68564462758512 >= system LUMO 3.58732470448159
WARN: system HOMO 4.78310102416775 >= system LUMO 3.66456532801646
WARN: system HOMO 4.76764348420621 >= system LUMO 3.65207691821491
WARN: system HOMO 4.83044269321201 >= system LUMO 3.70338648085032
WARN: system HOMO 4.67373261073551 >= system LUMO 3.57874617764022
WARN: system HOMO 4.61694295264123 >= system LUMO 3.53956873252493
WARN: system HOMO 4.62027986321647 >= system LUMO 3.54226039895509
WARN: system HOMO 0.450047032809422 >= system LUMO -2.5077964994261
WARN: system HOMO 4.53256774977162 >= system LUMO 3.46392645840036
WARN: system HOMO 4.58211902277989 >= system LUMO 3.50828969925365
WARN: system HOMO 4.57293352391614 >= system LUMO 3.5010469802405
WARN: system HOMO 4.80690345167839 >= system LUMO 3.67927539196373
WARN: system HOMO 4.80958469136258 >= system LUMO 3.68153285134096
WARN: system HOMO 4.78161471320812 >= system LUMO 3.65919271397624
WARN: system HOMO 4.79451163457297 >= system LUMO 3.66945885933505
WARN: system HOMO 4.80728741011008 >= system LUMO 3.67916186241159
WARN: system HOMO 0.443246815621573 >= system LUMO -2.49741050240092
WARN: system HOMO 4.779520990124 >= system LUMO 3.66123220855447
WARN: system HOMO 4.73693639787026 >= system LUMO 3.62639099499336
WARN: system HOMO 4.75356183538974 >= system LUMO 3.63977257241511
WARN: system HOMO 4.80640087151572 >= system LUMO 3.68278731710933
WARN: system HOMO 4.66166753853931 >= system LUMO 3.56917204411302
WARN: system HOMO 4.63055856842417 >= system LUMO 3.54787600979377
WARN: system HOMO 4.65222526171919 >= system LUMO 3.56212749922019
WARN: system HOMO 4.62867385312016 >= system LUMO 3.54567037354609
WARN: system HOMO 0.456297212481202 >= system LUMO -2.50906510517347
WARN: system HOMO 4.5987680114856 >= system LUMO 3.52634953081569
WARN: system HOMO 4.59653028495887 >= system LUMO 3.52460210811532
WARN: system HOMO 4.86680196770983 >= system LUMO 3.73095002227343
WARN: system HOMO 4.83090191580366 >= system LUMO 3.70306553455491
WARN: system HOMO 4.55049955725385 >= system LUMO 3.49656245067987
WARN: system HOMO 4.55108738203277 >= system LUMO 3.4970030871257
WARN: system HOMO 4.65246633840737 >= system LUMO 3.56227668413358
WARN: system HOMO 4.54510213471135 >= system LUMO 3.49348611181318
WARN: system HOMO 0.456343156623506 >= system LUMO -2.4917993572991
WARN: system HOMO 4.54425255980645 >= system LUMO 3.47869944248463
WARN: system HOMO 4.53081030012863 >= system LUMO 3.46944876433142
WARN: system HOMO 4.83441855866393 >= system LUMO 3.699015346765
WARN: system HOMO 4.83721311092316 >= system LUMO 3.70132558344322
WARN: system HOMO 4.68026387908621 >= system LUMO 3.58105023593751
WARN: system HOMO 4.60169147650302 >= system LUMO 3.52118120419813
WARN: system HOMO 4.62158587234737 >= system LUMO 3.53890679227047
WARN: system HOMO 4.63016089002971 >= system LUMO 3.5457585396583
WARN: system HOMO 0.452232480864091 >= system LUMO -2.49247700436705
WARN: system HOMO 4.62522219529936 >= system LUMO 3.54184106847581
WARN: system HOMO 4.62799934087951 >= system LUMO 3.54415874268944
WARN: system HOMO 4.85183158780679 >= system LUMO 3.72151127501375
WARN: system HOMO 4.82784013596439 >= system LUMO 3.7030560348234
WARN: system HOMO 4.54347018896496 >= system LUMO 3.48720287019802
WARN: system HOMO 4.50564449568351 >= system LUMO 3.45976473942964
WARN: system HOMO 4.46683000210844 >= system LUMO 3.42700202673122
WARN: system HOMO 4.42071973385045 >= system LUMO 3.38380964347816
WARN: system HOMO 0.467325328503914 >= system LUMO -2.50376619352434
WARN: system HOMO 4.42517095680436 >= system LUMO 3.38148769828143
WARN: system HOMO 4.49171839909041 >= system LUMO 3.44197266951594
WARN: system HOMO 4.94487912089751 >= system LUMO 3.780110438371
WARN: system HOMO 4.87750019499021 >= system LUMO 3.73721468493408
WARN: system HOMO 4.61044591956296 >= system LUMO 3.53435013003235
WARN: system HOMO 4.48319503588002 >= system LUMO 3.43496155752283
WARN: system HOMO 4.51527157425568 >= system LUMO 3.47087949192276
WARN: system HOMO 4.51705388433615 >= system LUMO 3.47264276632271
WARN: system HOMO 0.464810141678187 >= system LUMO -2.50277497608057
WARN: system HOMO 4.47745882900487 >= system LUMO 3.44064672705871
WARN: system HOMO 4.50104389122542 >= system LUMO 3.46132261947653
WARN: system HOMO 4.87721442242595 >= system LUMO 3.7391335206192
WARN: system HOMO 4.88491223839391 >= system LUMO 3.74445784509713
WARN: system HOMO 4.66945467376366 >= system LUMO 3.57430967845231
WARN: system HOMO 4.46039311356357 >= system LUMO 3.42655455555939
WARN: system HOMO 4.44400227440249 >= system LUMO 3.4083983836826
WARN: system HOMO 4.44227035036345 >= system LUMO 3.4072821172709
WARN: system HOMO 0.468314553817654 >= system LUMO -2.49302383281271
WARN: system HOMO 4.44451068971759 >= system LUMO 3.39631948869155
WARN: system HOMO 4.51365356318547 >= system LUMO 3.47087101763471
WARN: system HOMO 4.81954834334214 >= system LUMO 3.68926511744023
WARN: system HOMO 4.8594840453931 >= system LUMO 3.72148028359034
WARN: system HOMO 4.74667158903924 >= system LUMO 3.63015470198803
WARN: system HOMO 4.56526408168638 >= system LUMO 3.50644850756743
WARN: system HOMO 4.56985039222419 >= system LUMO 3.50971596952118
WARN: system HOMO 4.52189255102883 >= system LUMO 3.48137576397985
WARN: system HOMO 0.451526351004658 >= system LUMO -2.49332704310306
WARN: system HOMO 4.55879614104375 >= system LUMO 3.49692333190573
WARN: system HOMO 4.55801693584975 >= system LUMO 3.49395881982782
WARN: system HOMO 4.71913436844213 >= system LUMO 3.60747039636347
WARN: system HOMO 4.87469581387773 >= system LUMO 3.72720834112081
WARN: system HOMO 4.74513167941306 >= system LUMO 3.62730767448154
WARN: system HOMO 4.66280073910908 >= system LUMO 3.56766554386389
WARN: system HOMO 4.66244907082882 >= system LUMO 3.56719471643505
WARN: system HOMO 4.65198672188846 >= system LUMO 3.56013144455707
WARN: system HOMO 0.446520679615316 >= system LUMO -2.50583374254129
WARN: system HOMO 4.66815288613295 >= system LUMO 3.57273298819131
WARN: system HOMO 4.73069952977146 >= system LUMO 3.61739628821078
WARN: system HOMO 4.62663787697902 >= system LUMO 3.54336436968724
WARN: system HOMO 4.81790575109959 >= system LUMO 3.68560075423426
WARN: system HOMO 4.84379028693452 >= system LUMO 3.70704435335166
WARN: system HOMO 4.60953808307929 >= system LUMO 3.52857241145324
WARN: system HOMO 4.64658695829683 >= system LUMO 3.55447007773287
WARN: system HOMO 4.62432517213522 >= system LUMO 3.53810746109319
WARN: system HOMO 0.444370712423077 >= system LUMO -2.49958040200159
WARN: system HOMO 4.62007551441411 >= system LUMO 3.53970829170287
WARN: system HOMO 4.61825968908796 >= system LUMO 3.53856798615886
WARN: system HOMO 4.64146934961072 >= system LUMO 3.55385334993524
WARN: system HOMO 4.78595334175307 >= system LUMO 3.6648203197753
WARN: system HOMO 4.81272987288322 >= system LUMO 3.68672784454163
WARN: system HOMO 4.69703823791404 >= system LUMO 3.5930999807578
WARN: system HOMO 4.64153650422855 >= system LUMO 3.55322003539502
WARN: system HOMO 4.64023369754397 >= system LUMO 3.5523372591558
WARN: system HOMO 0.451675951710832 >= system LUMO -2.50866969557585
WARN: system HOMO 4.63449740071549 >= system LUMO 3.55049441295965
WARN: system HOMO 4.61576949390331 >= system LUMO 3.53827935503863
WARN: system HOMO 4.61595107755044 >= system LUMO 3.53836908079028
WARN: system HOMO 4.6704389735214 >= system LUMO 3.57424979997191
WARN: system HOMO 4.89596420989591 >= system LUMO 3.746275214172
WARN: system HOMO 4.71829343390524 >= system LUMO 3.6093024317549
WARN: system HOMO 4.65833633462322 >= system LUMO 3.56628124592311
WARN: system HOMO 4.63757350598051 >= system LUMO 3.55221702454666
WARN: system HOMO 0.447947295639878 >= system LUMO -2.50445737355925
WARN: system HOMO 4.62514040544366 >= system LUMO 3.54470638692651
WARN: system HOMO 4.76403980735612 >= system LUMO 3.64589824012587
WARN: system HOMO 4.65042093483624 >= system LUMO 3.56183959843564
WARN: system HOMO 4.64505578365086 >= system LUMO 3.55784908650638
WARN: system HOMO 4.74470280570034 >= system LUMO 3.63153565316065
WARN: system HOMO 4.81024465332878 >= system LUMO 3.68451958416182
WARN: system HOMO 4.65892790307132 >= system LUMO 3.5673409828965
WARN: system HOMO 4.60181241866439 >= system LUMO 3.5298179229034
WARN: system HOMO 0.451310276539024 >= system LUMO -2.50610258432172
WARN: system HOMO 4.62190994759381 >= system LUMO 3.54293067782727
WARN: system HOMO 4.65857037268809 >= system LUMO 3.56725482268436
WARN: system HOMO 4.64925465314379 >= system LUMO 3.56115647024452
WARN: system HOMO 4.6516108770693 >= system LUMO 3.56251141774881
WARN: system HOMO 4.85435130270032 >= system LUMO 3.72044682429146
WARN: system HOMO 4.82289257052847 >= system LUMO 3.69516536413484
WARN: system HOMO 4.52664139718014 >= system LUMO 3.47879609245592
WARN: system HOMO 4.48813050934754 >= system LUMO 3.44533929985647
WARN: system HOMO 0.456672641523506 >= system LUMO -2.50750264472045
WARN: system HOMO 4.52397522369667 >= system LUMO 3.47288470136738
WARN: system HOMO 4.53417756477319 >= system LUMO 3.47795343990571
WARN: system HOMO 4.52418063570693 >= system LUMO 3.47301619419547
WARN: system HOMO 4.70387362145904 >= system LUMO 3.59907507473697
WARN: system HOMO 4.90320351316674 >= system LUMO 3.75390587585075
WARN: system HOMO 4.82488209604506 >= system LUMO 3.69471578207489
WARN: system HOMO 4.53046749029143 >= system LUMO 3.47626314855404
WARN: system HOMO 4.53969760324498 >= system LUMO 3.48120447687178
WARN: system HOMO 0.456924320259772 >= system LUMO -2.49124725481338
WARN: system HOMO 4.5431024326269 >= system LUMO 3.49172183036116
WARN: system HOMO 4.55542639423647 >= system LUMO 3.4986002656032
WARN: system HOMO 4.55585369790326 >= system LUMO 3.49892301574543
WARN: system HOMO 4.62378692966223 >= system LUMO 3.54250457536404
WARN: system HOMO 4.90561030140829 >= system LUMO 3.75561909669719
WARN: system HOMO 4.85382735855484 >= system LUMO 3.71929866719892
WARN: system HOMO 4.55404864280166 >= system LUMO 3.49831525669271
WARN: system HOMO 4.55433838529216 >= system LUMO 3.49851680673774
WARN: system HOMO 0.449549451413266 >= system LUMO -2.5093127568082
WARN: system HOMO 4.55778698425082 >= system LUMO 3.49412565616405
WARN: system HOMO 4.56969720787654 >= system LUMO 3.50401037709001
WARN: system HOMO 4.52372843106946 >= system LUMO 3.46761187390383
WARN: system HOMO 4.6200369179848 >= system LUMO 3.54022579818295
WARN: system HOMO 4.81690048387067 >= system LUMO 3.6854298056101
WARN: system HOMO 4.83725374207854 >= system LUMO 3.70179676842371
WARN: system HOMO 4.55575091362501 >= system LUMO 3.50121036125232
WARN: system HOMO 4.53137839184096 >= system LUMO 3.47370769552764
WARN: system HOMO 0.446471808425087 >= system LUMO -2.49715675281271
WARN: system HOMO 4.61355954509262 >= system LUMO 3.53689800195585
WARN: system HOMO 4.63099539038863 >= system LUMO 3.54858955822234
WARN: system HOMO 4.67506851340424 >= system LUMO 3.57743048101944
WARN: system HOMO 4.57453361604641 >= system LUMO 3.51185445410431
WARN: system HOMO 4.76564821644918 >= system LUMO 3.64611089953772
WARN: system HOMO 4.7940379922097 >= system LUMO 3.66899720358495
WARN: system HOMO 4.73319984318956 >= system LUMO 3.62058307318585
WARN: system HOMO 4.48955212117208 >= system LUMO 3.43461580076992
WARN: system HOMO 0.447952496490926 >= system LUMO -2.49573472982981
WARN: system HOMO 4.47385371819232 >= system LUMO 3.42485306119618
WARN: system HOMO 4.50327824796474 >= system LUMO 3.45562805429091
WARN: system HOMO 4.50105562779135 >= system LUMO 3.45463660482799
WARN: system HOMO 4.52862937455098 >= system LUMO 3.4801799152641
WARN: system HOMO 4.85754993289411 >= system LUMO 3.71926545991815
WARN: system HOMO 4.81476907894517 >= system LUMO 3.68517264063138
WARN: system HOMO 4.75703251255916 >= system LUMO 3.63840181379216
WARN: system HOMO 4.48233731168868 >= system LUMO 3.43559991123205
WARN: system HOMO 0.455631908639803 >= system LUMO -2.50183344382014
WARN: system HOMO 4.45849854940584 >= system LUMO 3.4060560564315
WARN: system HOMO 4.4683668025238 >= system LUMO 3.41583142891347
WARN: system HOMO 4.46579526537678 >= system LUMO 3.41090331797552
WARN: system HOMO 4.56275505057535 >= system LUMO 3.50187249296213
WARN: system HOMO 4.80131434800196 >= system LUMO 3.67328180852402
WARN: system HOMO 4.80621486561066 >= system LUMO 3.67722358100888
WARN: system HOMO 4.80871106933105 >= system LUMO 3.67964885418951
WARN: system HOMO 4.73441446748014 >= system LUMO 3.62057661498401
WARN: system HOMO 0.447819998060085 >= system LUMO -2.50287692339859
WARN: system HOMO 4.61992948773115 >= system LUMO 3.54128069562943
WARN: system HOMO 4.61867786411909 >= system LUMO 3.54147507057741
WARN: system HOMO 4.65467246480168 >= system LUMO 3.56329054047017
WARN: system HOMO 4.57948014989132 >= system LUMO 3.50744689195703
WARN: system HOMO 4.76524033796045 >= system LUMO 3.64510053042402
WARN: system HOMO 4.75296667687494 >= system LUMO 3.63580388318547
WARN: system HOMO 4.79217228676193 >= system LUMO 3.66708495183502
WARN: system HOMO 4.79269346690138 >= system LUMO 3.66679932261055
WARN: system HOMO 0.442156863626756 >= system LUMO -2.51412268643444
WARN: system HOMO 4.75910324186607 >= system LUMO 3.64368332336557
WARN: system HOMO 4.75433810594456 >= system LUMO 3.63990672515202
WARN: system HOMO 4.79006997382367 >= system LUMO 3.66826384878796
WARN: system HOMO 0.462578789177838 >= system LUMO -2.49073547561805
WARN: system HOMO 0.490096186753346 >= system LUMO -2.38429755923193
WARN: system HOMO 0.51236567078205 >= system LUMO -2.18385069499773
WARN: system HOMO 0.399696892292999 >= system LUMO -1.72494029078343
WARN: system HOMO 0.222827373407936 >= system LUMO -1.08271046945998
WARN: system HOMO 0.109845244464624 >= system LUMO -0.10108204013395
WARN: system HOMO 0.450543144000118 >= system LUMO 0.249721310623771
WARN: system HOMO 0.345870010660403 >= system LUMO 0.152156572456719
WARN: system HOMO 0.433046155053691 >= system LUMO 0.29106730907735
WARN: system HOMO 0.457462268648165 >= system LUMO 0.324252713248517
WARN: system HOMO 0.452874145235876 >= system LUMO 0.297023896094998
WARN: system HOMO 0.447512952190656 >= system LUMO 0.275495321139693
WARN: beta  nocc = 126  HOMO 0.31947193475686 >= LUMO 0.319762397548044
overwrite output file: hs_bp86.out
