
********************************** INPUT START **********************************
sym                                                             c1
orbitals                      00009_MCSCF_FeSdi_OX_20o_30e.FCIDUMP
nelec                                                           30
spin                                                            10
irrep                                                            1
hf_occ                                                    integral
schedule                  Sweep   0-   7 : Mmps =   250 Noise =     0.001 DavTol =    0.0001
                          Sweep   8-  15 : Mmps =   500 Noise =    0.0001 DavTol =     1e-05
                          Sweep  16-  29 : Mmps =   500 Noise =         0 DavTol =     1e-06
maxM                                                           500
maxiter                                                         30
num_thrds                                                       16
sweep_tol                                                     1E-5
twodot_to_onedot                                                18
********************************** INPUT END   **********************************

SPIN ADAPTED - REAL DOMAIN - DOUBLE PREC
qc mpo type =  QCTypes.Conventional
 UseMainStack = 0 MinDiskUsage = 1 MinMemUsage = 0 IBuf = 0 OBuf = 0
 FPCompression: prec = 1.00e-16 chunk = 1024
 IMain = 0 B / 134 MB DMain = 0 B / 687 MB ISeco = 0 B / 57.2 MB DSeco = 0 B / 1.01 GB
 OpenMP = 1 TBB = 0 BLIS = 0 MKL = GNU 2024.0.0 SeqType = Tasked MKLIntLen = 4
 THREADING = 2 layers : Global | Operator BatchedGEMM 
 NUMBER : Global = 16 Operator = 16 Quanta = 0 MKL = 1
 COMPLEX = 1 SINGLE-PREC = 0 KSYMM = 0
using fiedler reorder =  [18 10 11 12 13  6 15  1  5  3 17 16 19 14  9  2  0  4  7  8]
read integral finished 0.1530798329040408
integral sym error =            0
MinMPOMemUsage =  False
MPS =  CCRRRRRRRRRRRRRRRRRR 0 2 < N=30 S=5 PG=0 >
GS INIT MPS BOND DIMS =       1     2     4     8    16    32    64   128   253   256   256   256   253   128    64    32    16     8     4     2     1
build mpo start ...
build mpo finished ... Tread = 0.000 Twrite = 0.000 T = 0.040
simpl mpo start ...
simpl mpo finished ... Tread = 0.000 Twrite = 0.000 T = 0.194
GS MPO BOND DIMS =      25    32    43    58    77   100   127   158   193   232   193   158   127   100    77    58    43    32    25     1
build 1pdm mpo 0.6507321707904339
build identity mpo 0.662654091604054
para mpo finished 0.6662536077201366
Environment initialization | Nsites =    20 | Center =     0
 INIT-R <-- Site =   17 ..  Bmem =   216 B Rmem =   216 B T = 0.03
 INIT-R <-- Site =   16 ..  Bmem = 0.98 KB Rmem = 0.98 KB T = 0.02
 INIT-R <-- Site =   15 ..  Bmem = 4.62 KB Rmem = 4.62 KB T = 0.01
 INIT-R <-- Site =   14 ..  Bmem = 22.0 KB Rmem = 22.0 KB T = 0.01
 INIT-R <-- Site =   13 ..  Bmem =  105 KB Rmem =  105 KB T = 0.01
 INIT-R <-- Site =   12 ..  Bmem =  499 KB Rmem =  499 KB T = 0.02
 INIT-R <-- Site =   11 ..  Bmem = 2.30 MB Rmem = 2.30 MB T = 0.05
 INIT-R <-- Site =   10 ..  Bmem = 10.7 MB Rmem = 10.4 MB T = 0.16
 INIT-R <-- Site =    9 ..  Bmem = 48.2 MB Rmem = 28.1 MB T = 0.23
 INIT-R <-- Site =    8 ..  Bmem = 55.8 MB Rmem = 13.9 MB T = 0.15
 INIT-R <-- Site =    7 ..  Bmem = 44.8 MB Rmem = 12.2 MB T = 0.13
 INIT-R <-- Site =    6 ..  Bmem = 38.6 MB Rmem = 10.4 MB T = 0.11
 INIT-R <-- Site =    5 ..  Bmem = 32.4 MB Rmem = 2.30 MB T = 0.04
 INIT-R <-- Site =    4 ..  Bmem = 6.97 MB Rmem =  499 KB T = 0.02
 INIT-R <-- Site =    3 ..  Bmem = 1.44 MB Rmem =  105 KB T = 0.01
 INIT-R <-- Site =    2 ..  Bmem =  302 KB Rmem = 22.1 KB T = 0.01
 INIT-R <-- Site =    1 ..  Bmem = 60.9 KB Rmem = 4.67 KB T = 0.01
 INIT-R <-- Site =    0 ..  Bmem = 11.9 KB Rmem = 1.01 KB T = 0.01
Time init sweep =        1.016 | MaxBmem = 48.2 MB | MaxRmem = 28.1 MB
 | Tread = 0.000 | Twrite = 0.696 | Tfpread = 0.000 | Tfpwrite = 0.065 | data = 74.5 MB | cpsd = 56.8 MB | Tasync = 0.000

env init finished 1.8264171350747347

Sweep =    0 | Direction =  forward | Bond dimension =  250 | Noise =  1.00e-03 | Dav threshold =  1.00e-04
 --> Site =    0-   1 .. Mmps =    2 Ndav =   4 E =  -5090.5930987905 Error = 0.00e+00 FLOPS = 6.16e+05 Tdav = 0.00 T = 0.05
 --> Site =    1-   2 .. Mmps =    4 Ndav =  10 E =  -5090.9258453777 Error = 0.00e+00 FLOPS = 2.11e+07 Tdav = 0.00 T = 0.04
 --> Site =    2-   3 .. Mmps =    8 Ndav =   8 E =  -5091.2587519645 Error = 0.00e+00 FLOPS = 1.62e+08 Tdav = 0.00 T = 0.04
 --> Site =    3-   4 .. Mmps =   16 Ndav =   8 E =  -5091.5458250129 Error = 0.00e+00 FLOPS = 1.21e+09 Tdav = 0.00 T = 0.04
 --> Site =    4-   5 .. Mmps =   32 Ndav =  10 E =  -5091.7084468304 Error = 0.00e+00 FLOPS = 7.53e+09 Tdav = 0.00 T = 0.04
 --> Site =    5-   6 .. Mmps =   64 Ndav =  14 E =  -5091.9696332194 Error = 0.00e+00 FLOPS = 3.32e+10 Tdav = 0.01 T = 0.06
 --> Site =    6-   7 .. Mmps =  128 Ndav =   9 E =  -5092.1826623635 Error = 0.00e+00 FLOPS = 9.12e+10 Tdav = 0.03 T = 0.09
 --> Site =    7-   8 .. Mmps =  250 Ndav =  13 E =  -5092.3321817680 Error = 1.08e-11 FLOPS = 1.08e+11 Tdav = 0.08 T = 0.19
 --> Site =    8-   9 .. Mmps =  250 Ndav =  12 E =  -5092.4710419096 Error = 1.74e-07 FLOPS = 1.19e+11 Tdav = 0.19 T = 0.44
 --> Site =    9-  10 .. Mmps =  250 Ndav =  11 E =  -5092.6469474264 Error = 2.48e-06 FLOPS = 1.26e+11 Tdav = 0.20 T = 0.51
 --> Site =   10-  11 .. Mmps =  250 Ndav =  13 E =  -5092.8371439551 Error = 4.57e-06 FLOPS = 1.09e+11 Tdav = 0.23 T = 0.54
 --> Site =   11-  12 .. Mmps =  250 Ndav =   3 E =  -5092.8375456990 Error = 3.22e-06 FLOPS = 7.77e+10 Tdav = 0.03 T = 0.23
 --> Site =   12-  13 .. Mmps =  250 Ndav =   1 E =  -5092.8375443947 Error = 4.25e-07 FLOPS = 4.18e+10 Tdav = 0.01 T = 0.16
 --> Site =   13-  14 .. Mmps =  250 Ndav =   1 E =  -5092.8375443734 Error = 4.92e-09 FLOPS = 2.31e+10 Tdav = 0.00 T = 0.13
 --> Site =   14-  15 .. Mmps =  202 Ndav =   1 E =  -5092.8375443738 Error = 1.50e-14 FLOPS = 1.61e+10 Tdav = 0.00 T = 0.11
 --> Site =   15-  16 .. Mmps =   98 Ndav =   1 E =  -5092.8375443738 Error = 3.41e-15 FLOPS = 7.06e+09 Tdav = 0.00 T = 0.07
 --> Site =   16-  17 .. Mmps =   45 Ndav =   1 E =  -5092.8375443738 Error = 2.67e-18 FLOPS = 1.46e+09 Tdav = 0.00 T = 0.04
 --> Site =   17-  18 .. Mmps =   19 Ndav =   1 E =  -5092.8375443738 Error = 4.43e-17 FLOPS = 2.05e+08 Tdav = 0.00 T = 0.03
 --> Site =   18-  19 .. Mmps =    7 Ndav =   1 E =  -5092.8375443738 Error = 1.56e-18 FLOPS = 2.30e+07 Tdav = 0.00 T = 0.02
Time elapsed =      2.830 | E =   -5092.8375456990 | DW = 4.57e-06
Time sweep =        2.830 | 81.2 GFLOP/SWP
 | Dmem = 29.6 MB (2%) | Imem = 19.2 KB (94%) | Hmem = 59.4 MB | Wmem = 357 KB | Pmem = 2.55 MB
 | Tread = 0.111 | Twrite = 0.852 | Tfpread = 0.088 | Tfpwrite = 0.083 | Tmporead = 0.000 | Tasync = 0.000
 | data = 90.3 MB | cpsd = 70.1 MB
 | Trot = 0.052 | Tctr = 0.007 | Tint = 0.026 | Tmid = 0.036 | Tdctr = 0.040 | Tdiag = 0.028 | Tinfo = 0.073
 | Teff = 0.337 | Tprt = 0.112 | Teig = 0.799 | Tblk = 1.706 | Tmve = 1.121 | Tdm = 0.021 | Tsplt = 0.026 | Tsvd = 0.000 | Torth = 0.000

Sweep =    1 | Direction = backward | Bond dimension =  250 | Noise =  1.00e-03 | Dav threshold =  1.00e-04
 <-- Site =   18-  19 .. Mmps =    2 Ndav =   1 E =  -5092.8375443738 Error = 0.00e+00 FLOPS = 2.34e+07 Tdav = 0.00 T = 0.02
 <-- Site =   17-  18 .. Mmps =    4 Ndav =   1 E =  -5092.8375443738 Error = 0.00e+00 FLOPS = 2.26e+08 Tdav = 0.00 T = 0.03
 <-- Site =   16-  17 .. Mmps =    8 Ndav =   1 E =  -5092.8375443738 Error = 0.00e+00 FLOPS = 1.70e+09 Tdav = 0.00 T = 0.03
 <-- Site =   15-  16 .. Mmps =   16 Ndav =   1 E =  -5092.8375443738 Error = 0.00e+00 FLOPS = 8.98e+09 Tdav = 0.00 T = 0.04
 <-- Site =   14-  15 .. Mmps =   32 Ndav =   1 E =  -5092.8375443738 Error = 0.00e+00 FLOPS = 1.72e+10 Tdav = 0.00 T = 0.05
 <-- Site =   13-  14 .. Mmps =   64 Ndav =   1 E =  -5092.8375443738 Error = 0.00e+00 FLOPS = 3.11e+10 Tdav = 0.00 T = 0.06
 <-- Site =   12-  13 .. Mmps =  128 Ndav =   1 E =  -5092.8375443738 Error = 0.00e+00 FLOPS = 4.93e+10 Tdav = 0.00 T = 0.07
 <-- Site =   11-  12 .. Mmps =  250 Ndav =   1 E =  -5092.8375443738 Error = 3.04e-10 FLOPS = 5.30e+10 Tdav = 0.01 T = 0.13
 <-- Site =   10-  11 .. Mmps =  250 Ndav =   1 E =  -5092.8375443738 Error = 1.43e-06 FLOPS = 5.71e+10 Tdav = 0.03 T = 0.43
 <-- Site =    9-  10 .. Mmps =  250 Ndav =   3 E =  -5092.8378941654 Error = 7.33e-06 FLOPS = 1.05e+11 Tdav = 0.07 T = 0.41
 <-- Site =    8-   9 .. Mmps =  250 Ndav =   2 E =  -5092.8380814700 Error = 4.83e-06 FLOPS = 1.03e+11 Tdav = 0.04 T = 0.29
 <-- Site =    7-   8 .. Mmps =  250 Ndav =   1 E =  -5092.8380783366 Error = 1.19e-06 FLOPS = 6.95e+10 Tdav = 0.01 T = 0.20
 <-- Site =    6-   7 .. Mmps =  250 Ndav =   1 E =  -5092.8380779939 Error = 2.63e-07 FLOPS = 4.54e+10 Tdav = 0.01 T = 0.16
 <-- Site =    5-   6 .. Mmps =  250 Ndav =   1 E =  -5092.8380779637 Error = 3.30e-09 FLOPS = 2.58e+10 Tdav = 0.00 T = 0.13
 <-- Site =    4-   5 .. Mmps =  197 Ndav =   1 E =  -5092.8380779638 Error = 2.52e-14 FLOPS = 1.68e+10 Tdav = 0.00 T = 0.11
 <-- Site =    3-   4 .. Mmps =   96 Ndav =   1 E =  -5092.8380779638 Error = 3.03e-15 FLOPS = 6.98e+09 Tdav = 0.00 T = 0.07
 <-- Site =    2-   3 .. Mmps =   44 Ndav =   1 E =  -5092.8380779638 Error = 7.27e-16 FLOPS = 1.29e+09 Tdav = 0.00 T = 0.04
 <-- Site =    1-   2 .. Mmps =   19 Ndav =   1 E =  -5092.8380779638 Error = 8.02e-18 FLOPS = 2.02e+08 Tdav = 0.00 T = 0.03
 <-- Site =    0-   1 .. Mmps =    7 Ndav =   1 E =  -5092.8380779638 Error = 8.05e-19 FLOPS = 2.00e+07 Tdav = 0.00 T = 0.02
Time elapsed =      5.163 | E =   -5092.8380814700 | DE = -5.36e-04 | DW = 7.33e-06
Time sweep =        2.332 | 14.5 GFLOP/SWP
 | Dmem = 30.5 MB (2%) | Imem = 17.4 KB (95%) | Hmem = 62.2 MB | Wmem = 377 KB | Pmem = 2.74 MB
 | Tread = 0.094 | Twrite = 0.866 | Tfpread = 0.072 | Tfpwrite = 0.086 | Tmporead = 0.000 | Tasync = 0.000
 | data = 93.4 MB | cpsd = 71.3 MB
 | Trot = 0.055 | Tctr = 0.005 | Tint = 0.016 | Tmid = 0.037 | Tdctr = 0.028 | Tdiag = 0.022 | Tinfo = 0.071
 | Teff = 0.310 | Tprt = 0.118 | Teig = 0.192 | Tblk = 1.193 | Tmve = 1.135 | Tdm = 0.020 | Tsplt = 0.020 | Tsvd = 0.000 | Torth = 0.000

Sweep =    2 | Direction =  forward | Bond dimension =  250 | Noise =  1.00e-03 | Dav threshold =  1.00e-04
 --> Site =    0-   1 .. Mmps =    2 Ndav =   1 E =  -5092.8380779638 Error = 0.00e+00 FLOPS = 2.48e+07 Tdav = 0.00 T = 0.02
 --> Site =    1-   2 .. Mmps =    4 Ndav =   1 E =  -5092.8380779638 Error = 0.00e+00 FLOPS = 1.94e+08 Tdav = 0.00 T = 0.03
 --> Site =    2-   3 .. Mmps =    8 Ndav =   1 E =  -5092.8380779638 Error = 0.00e+00 FLOPS = 1.42e+09 Tdav = 0.00 T = 0.03
 --> Site =    3-   4 .. Mmps =   16 Ndav =   1 E =  -5092.8380779638 Error = 0.00e+00 FLOPS = 7.94e+09 Tdav = 0.00 T = 0.04
 --> Site =    4-   5 .. Mmps =   32 Ndav =   1 E =  -5092.8380779638 Error = 0.00e+00 FLOPS = 1.73e+10 Tdav = 0.00 T = 0.04
 --> Site =    5-   6 .. Mmps =   64 Ndav =   1 E =  -5092.8380779638 Error = 0.00e+00 FLOPS = 3.20e+10 Tdav = 0.00 T = 0.05
 --> Site =    6-   7 .. Mmps =  127 Ndav =   1 E =  -5092.8380779638 Error = 0.00e+00 FLOPS = 4.73e+10 Tdav = 0.00 T = 0.07
 --> Site =    7-   8 .. Mmps =  250 Ndav =   1 E =  -5092.8380779638 Error = 9.22e-11 FLOPS = 7.09e+10 Tdav = 0.01 T = 0.12
 --> Site =    8-   9 .. Mmps =  250 Ndav =   1 E =  -5092.8380779638 Error = 8.54e-07 FLOPS = 8.77e+10 Tdav = 0.02 T = 0.27
 --> Site =    9-  10 .. Mmps =  250 Ndav =   1 E =  -5092.8380777302 Error = 5.56e-06 FLOPS = 6.36e+10 Tdav = 0.04 T = 0.34
 --> Site =   10-  11 .. Mmps =  250 Ndav =   1 E =  -5092.8380747550 Error = 2.94e-06 FLOPS = 8.49e+10 Tdav = 0.02 T = 0.32
 --> Site =   11-  12 .. Mmps =  250 Ndav =   1 E =  -5092.8380734228 Error = 2.45e-06 FLOPS = 6.86e+10 Tdav = 0.01 T = 0.21
 --> Site =   12-  13 .. Mmps =  250 Ndav =   1 E =  -5092.8380727316 Error = 4.19e-07 FLOPS = 4.54e+10 Tdav = 0.01 T = 0.16
 --> Site =   13-  14 .. Mmps =  250 Ndav =   1 E =  -5092.8380727120 Error = 4.90e-09 FLOPS = 2.46e+10 Tdav = 0.00 T = 0.13
 --> Site =   14-  15 .. Mmps =  202 Ndav =   1 E =  -5092.8380727122 Error = 1.52e-14 FLOPS = 1.75e+10 Tdav = 0.00 T = 0.11
 --> Site =   15-  16 .. Mmps =   98 Ndav =   1 E =  -5092.8380727122 Error = 3.42e-15 FLOPS = 7.67e+09 Tdav = 0.00 T = 0.08
 --> Site =   16-  17 .. Mmps =   45 Ndav =   1 E =  -5092.8380727122 Error = 7.18e-18 FLOPS = 1.41e+09 Tdav = 0.00 T = 0.04
 --> Site =   17-  18 .. Mmps =   19 Ndav =   1 E =  -5092.8380727122 Error = 3.58e-18 FLOPS = 2.16e+08 Tdav = 0.00 T = 0.03
 --> Site =   18-  19 .. Mmps =    7 Ndav =   1 E =  -5092.8380727122 Error = 9.11e-18 FLOPS = 2.27e+07 Tdav = 0.00 T = 0.02
Time elapsed =      7.295 | E =   -5092.8380779638 | DE = 3.51e-06 | DW = 5.56e-06
Time sweep =        2.132 | 7.94 GFLOP/SWP
 | Dmem = 29.8 MB (2%) | Imem = 17.2 KB (95%) | Hmem = 62.3 MB | Wmem = 381 KB | Pmem = 2.74 MB
 | Tread = 0.107 | Twrite = 0.852 | Tfpread = 0.085 | Tfpwrite = 0.081 | Tmporead = 0.000 | Tasync = 0.000
 | data = 90.6 MB | cpsd = 70.3 MB
 | Trot = 0.061 | Tctr = 0.007 | Tint = 0.025 | Tmid = 0.036 | Tdctr = 0.037 | Tdiag = 0.016 | Tinfo = 0.073
 | Teff = 0.315 | Tprt = 0.103 | Teig = 0.130 | Tblk = 0.988 | Tmve = 1.141 | Tdm = 0.020 | Tsplt = 0.020 | Tsvd = 0.000 | Torth = 0.000

Sweep =    3 | Direction = backward | Bond dimension =  250 | Noise =  1.00e-03 | Dav threshold =  1.00e-04
 <-- Site =   18-  19 .. Mmps =    2 Ndav =   1 E =  -5092.8380727122 Error = 0.00e+00 FLOPS = 2.59e+07 Tdav = 0.00 T = 0.02
 <-- Site =   17-  18 .. Mmps =    4 Ndav =   1 E =  -5092.8380727122 Error = 0.00e+00 FLOPS = 2.28e+08 Tdav = 0.00 T = 0.03
 <-- Site =   16-  17 .. Mmps =    8 Ndav =   1 E =  -5092.8380727122 Error = 0.00e+00 FLOPS = 1.70e+09 Tdav = 0.00 T = 0.03
 <-- Site =   15-  16 .. Mmps =   16 Ndav =   1 E =  -5092.8380727122 Error = 0.00e+00 FLOPS = 8.75e+09 Tdav = 0.00 T = 0.03
 <-- Site =   14-  15 .. Mmps =   32 Ndav =   1 E =  -5092.8380727122 Error = 0.00e+00 FLOPS = 1.82e+10 Tdav = 0.00 T = 0.04
 <-- Site =   13-  14 .. Mmps =   64 Ndav =   1 E =  -5092.8380727122 Error = 0.00e+00 FLOPS = 3.17e+10 Tdav = 0.00 T = 0.05
 <-- Site =   12-  13 .. Mmps =  128 Ndav =   1 E =  -5092.8380727122 Error = 0.00e+00 FLOPS = 4.54e+10 Tdav = 0.01 T = 0.07
 <-- Site =   11-  12 .. Mmps =  250 Ndav =   1 E =  -5092.8380727122 Error = 3.21e-10 FLOPS = 6.77e+10 Tdav = 0.01 T = 0.12
 <-- Site =   10-  11 .. Mmps =  250 Ndav =   1 E =  -5092.8380727123 Error = 9.27e-07 FLOPS = 8.38e+10 Tdav = 0.02 T = 0.27
 <-- Site =    9-  10 .. Mmps =  250 Ndav =   1 E =  -5092.8380725685 Error = 2.52e-06 FLOPS = 8.76e+10 Tdav = 0.03 T = 0.35
 <-- Site =    8-   9 .. Mmps =  250 Ndav =   1 E =  -5092.8380713135 Error = 2.39e-06 FLOPS = 8.45e+10 Tdav = 0.02 T = 0.27
 <-- Site =    7-   8 .. Mmps =  250 Ndav =   1 E =  -5092.8380705308 Error = 7.79e-07 FLOPS = 6.79e+10 Tdav = 0.01 T = 0.21
 <-- Site =    6-   7 .. Mmps =  250 Ndav =   1 E =  -5092.8380703677 Error = 2.44e-07 FLOPS = 4.57e+10 Tdav = 0.01 T = 0.16
 <-- Site =    5-   6 .. Mmps =  250 Ndav =   1 E =  -5092.8380703298 Error = 3.29e-09 FLOPS = 2.39e+10 Tdav = 0.00 T = 0.13
 <-- Site =    4-   5 .. Mmps =  197 Ndav =   1 E =  -5092.8380703298 Error = 2.35e-14 FLOPS = 1.53e+10 Tdav = 0.00 T = 0.11
 <-- Site =    3-   4 .. Mmps =   96 Ndav =   1 E =  -5092.8380703298 Error = 2.86e-15 FLOPS = 7.46e+09 Tdav = 0.00 T = 0.07
 <-- Site =    2-   3 .. Mmps =   44 Ndav =   1 E =  -5092.8380703298 Error = 6.59e-16 FLOPS = 1.40e+09 Tdav = 0.00 T = 0.04
 <-- Site =    1-   2 .. Mmps =   19 Ndav =   1 E =  -5092.8380703298 Error = 5.84e-18 FLOPS = 2.06e+08 Tdav = 0.00 T = 0.03
 <-- Site =    0-   1 .. Mmps =    7 Ndav =   1 E =  -5092.8380703298 Error = 2.56e-18 FLOPS = 2.26e+07 Tdav = 0.00 T = 0.02
Time elapsed =      9.359 | E =   -5092.8380727123 | DE = 5.25e-06 | DW = 2.52e-06
Time sweep =        2.064 | 7.92 GFLOP/SWP
 | Dmem = 30.3 MB (2%) | Imem = 17.2 KB (95%) | Hmem = 61.9 MB | Wmem = 379 KB | Pmem = 2.74 MB
 | Tread = 0.093 | Twrite = 0.861 | Tfpread = 0.074 | Tfpwrite = 0.084 | Tmporead = 0.000 | Tasync = 0.000
 | data = 93.2 MB | cpsd = 71.2 MB
 | Trot = 0.054 | Tctr = 0.005 | Tint = 0.015 | Tmid = 0.036 | Tdctr = 0.027 | Tdiag = 0.016 | Tinfo = 0.065
 | Teff = 0.298 | Tprt = 0.106 | Teig = 0.120 | Tblk = 0.940 | Tmve = 1.122 | Tdm = 0.020 | Tsplt = 0.021 | Tsvd = 0.000 | Torth = 0.000

Sweep =    4 | Direction =  forward | Bond dimension =  250 | Noise =  1.00e-03 | Dav threshold =  1.00e-04
 --> Site =    0-   1 .. Mmps =    2 Ndav =   1 E =  -5092.8380703298 Error = 0.00e+00 FLOPS = 2.29e+07 Tdav = 0.00 T = 0.02
 --> Site =    1-   2 .. Mmps =    4 Ndav =   1 E =  -5092.8380703298 Error = 0.00e+00 FLOPS = 2.32e+08 Tdav = 0.00 T = 0.03
 --> Site =    2-   3 .. Mmps =    8 Ndav =   1 E =  -5092.8380703298 Error = 0.00e+00 FLOPS = 1.70e+09 Tdav = 0.00 T = 0.04
 --> Site =    3-   4 .. Mmps =   16 Ndav =   1 E =  -5092.8380703298 Error = 0.00e+00 FLOPS = 9.15e+09 Tdav = 0.00 T = 0.04
 --> Site =    4-   5 .. Mmps =   32 Ndav =   1 E =  -5092.8380703298 Error = 0.00e+00 FLOPS = 1.82e+10 Tdav = 0.00 T = 0.05
 --> Site =    5-   6 .. Mmps =   64 Ndav =   1 E =  -5092.8380703298 Error = 0.00e+00 FLOPS = 3.11e+10 Tdav = 0.00 T = 0.06
 --> Site =    6-   7 .. Mmps =  127 Ndav =   1 E =  -5092.8380703298 Error = 0.00e+00 FLOPS = 4.75e+10 Tdav = 0.00 T = 0.07
 --> Site =    7-   8 .. Mmps =  250 Ndav =   1 E =  -5092.8380703298 Error = 8.84e-11 FLOPS = 6.74e+10 Tdav = 0.01 T = 0.12
 --> Site =    8-   9 .. Mmps =  250 Ndav =   1 E =  -5092.8380703298 Error = 5.38e-07 FLOPS = 8.75e+10 Tdav = 0.02 T = 0.27
 --> Site =    9-  10 .. Mmps =  250 Ndav =   1 E =  -5092.8380701534 Error = 3.38e-06 FLOPS = 9.12e+10 Tdav = 0.03 T = 0.32
 --> Site =   10-  11 .. Mmps =  250 Ndav =   1 E =  -5092.8380686047 Error = 1.70e-06 FLOPS = 8.26e+10 Tdav = 0.02 T = 0.31
 --> Site =   11-  12 .. Mmps =  250 Ndav =   1 E =  -5092.8380679082 Error = 2.20e-06 FLOPS = 6.65e+10 Tdav = 0.01 T = 0.21
 --> Site =   12-  13 .. Mmps =  250 Ndav =   1 E =  -5092.8380673083 Error = 4.17e-07 FLOPS = 4.71e+10 Tdav = 0.00 T = 0.16
 --> Site =   13-  14 .. Mmps =  250 Ndav =   1 E =  -5092.8380672845 Error = 4.86e-09 FLOPS = 2.52e+10 Tdav = 0.00 T = 0.13
 --> Site =   14-  15 .. Mmps =  202 Ndav =   1 E =  -5092.8380672848 Error = 1.63e-14 FLOPS = 1.50e+10 Tdav = 0.00 T = 0.11
 --> Site =   15-  16 .. Mmps =   98 Ndav =   1 E =  -5092.8380672848 Error = 3.50e-15 FLOPS = 7.34e+09 Tdav = 0.00 T = 0.07
 --> Site =   16-  17 .. Mmps =   45 Ndav =   1 E =  -5092.8380672848 Error = 7.10e-18 FLOPS = 1.47e+09 Tdav = 0.00 T = 0.04
 --> Site =   17-  18 .. Mmps =   19 Ndav =   1 E =  -5092.8380672848 Error = 1.57e-17 FLOPS = 1.89e+08 Tdav = 0.00 T = 0.03
 --> Site =   18-  19 .. Mmps =    7 Ndav =   1 E =  -5092.8380672848 Error = 9.52e-19 FLOPS = 2.19e+07 Tdav = 0.00 T = 0.02
Time elapsed =     11.470 | E =   -5092.8380703298 | DE = 2.38e-06 | DW = 3.38e-06
Time sweep =        2.111 | 7.92 GFLOP/SWP
 | Dmem = 29.8 MB (2%) | Imem = 17.2 KB (95%) | Hmem = 61.9 MB | Wmem = 379 KB | Pmem = 2.74 MB
 | Tread = 0.106 | Twrite = 0.855 | Tfpread = 0.084 | Tfpwrite = 0.084 | Tmporead = 0.000 | Tasync = 0.000
 | data = 90.6 MB | cpsd = 70.3 MB
 | Trot = 0.052 | Tctr = 0.007 | Tint = 0.026 | Tmid = 0.036 | Tdctr = 0.036 | Tdiag = 0.016 | Tinfo = 0.072
 | Teff = 0.310 | Tprt = 0.101 | Teig = 0.119 | Tblk = 0.973 | Tmve = 1.136 | Tdm = 0.020 | Tsplt = 0.021 | Tsvd = 0.000 | Torth = 0.000

Sweep =    5 | Direction = backward | Bond dimension =  250 | Noise =  1.00e-03 | Dav threshold =  1.00e-04
 <-- Site =   18-  19 .. Mmps =    2 Ndav =   1 E =  -5092.8380672848 Error = 0.00e+00 FLOPS = 2.30e+07 Tdav = 0.00 T = 0.02
 <-- Site =   17-  18 .. Mmps =    4 Ndav =   1 E =  -5092.8380672848 Error = 0.00e+00 FLOPS = 2.16e+08 Tdav = 0.00 T = 0.03
 <-- Site =   16-  17 .. Mmps =    8 Ndav =   1 E =  -5092.8380672848 Error = 0.00e+00 FLOPS = 1.51e+09 Tdav = 0.00 T = 0.04
 <-- Site =   15-  16 .. Mmps =   16 Ndav =   1 E =  -5092.8380672848 Error = 0.00e+00 FLOPS = 9.23e+09 Tdav = 0.00 T = 0.04
 <-- Site =   14-  15 .. Mmps =   32 Ndav =   1 E =  -5092.8380672848 Error = 0.00e+00 FLOPS = 1.94e+10 Tdav = 0.00 T = 0.05
 <-- Site =   13-  14 .. Mmps =   64 Ndav =   1 E =  -5092.8380672848 Error = 0.00e+00 FLOPS = 3.08e+10 Tdav = 0.00 T = 0.06
 <-- Site =   12-  13 .. Mmps =  128 Ndav =   1 E =  -5092.8380672848 Error = 0.00e+00 FLOPS = 4.79e+10 Tdav = 0.00 T = 0.07
 <-- Site =   11-  12 .. Mmps =  250 Ndav =   1 E =  -5092.8380672848 Error = 3.16e-10 FLOPS = 6.96e+10 Tdav = 0.01 T = 0.12
 <-- Site =   10-  11 .. Mmps =  250 Ndav =   1 E =  -5092.8380672848 Error = 7.84e-07 FLOPS = 8.62e+10 Tdav = 0.02 T = 0.27
 <-- Site =    9-  10 .. Mmps =  250 Ndav =   1 E =  -5092.8380671437 Error = 2.11e-06 FLOPS = 8.96e+10 Tdav = 0.03 T = 0.36
 <-- Site =    8-   9 .. Mmps =  250 Ndav =   1 E =  -5092.8380661346 Error = 2.05e-06 FLOPS = 8.04e+10 Tdav = 0.02 T = 0.28
 <-- Site =    7-   8 .. Mmps =  250 Ndav =   1 E =  -5092.8380654361 Error = 7.16e-07 FLOPS = 6.81e+10 Tdav = 0.01 T = 0.21
 <-- Site =    6-   7 .. Mmps =  250 Ndav =   1 E =  -5092.8380652922 Error = 2.39e-07 FLOPS = 4.50e+10 Tdav = 0.01 T = 0.16
 <-- Site =    5-   6 .. Mmps =  250 Ndav =   1 E =  -5092.8380652568 Error = 3.30e-09 FLOPS = 2.45e+10 Tdav = 0.00 T = 0.13
 <-- Site =    4-   5 .. Mmps =  196 Ndav =   1 E =  -5092.8380652567 Error = 3.24e-14 FLOPS = 1.72e+10 Tdav = 0.00 T = 0.37
 <-- Site =    3-   4 .. Mmps =   96 Ndav =   1 E =  -5092.8380652567 Error = 2.86e-15 FLOPS = 7.56e+09 Tdav = 0.00 T = 0.07
 <-- Site =    2-   3 .. Mmps =   44 Ndav =   1 E =  -5092.8380652567 Error = 6.35e-16 FLOPS = 1.41e+09 Tdav = 0.00 T = 0.04
 <-- Site =    1-   2 .. Mmps =   19 Ndav =   1 E =  -5092.8380652567 Error = 2.98e-17 FLOPS = 2.14e+08 Tdav = 0.00 T = 0.03
 <-- Site =    0-   1 .. Mmps =    7 Ndav =   1 E =  -5092.8380652567 Error = 1.97e-18 FLOPS = 2.11e+07 Tdav = 0.00 T = 0.03
Time elapsed =     13.857 | E =   -5092.8380672848 | DE = 3.04e-06 | DW = 2.11e-06
Time sweep =        2.387 | 7.92 GFLOP/SWP
 | Dmem = 30.3 MB (2%) | Imem = 17.2 KB (95%) | Hmem = 61.9 MB | Wmem = 379 KB | Pmem = 2.74 MB
 | Tread = 0.095 | Twrite = 0.863 | Tfpread = 0.073 | Tfpwrite = 0.085 | Tmporead = 0.000 | Tasync = 0.000
 | data = 93.2 MB | cpsd = 71.2 MB
 | Trot = 0.055 | Tctr = 0.005 | Tint = 0.016 | Tmid = 0.036 | Tdctr = 0.028 | Tdiag = 0.016 | Tinfo = 0.073
 | Teff = 0.303 | Tprt = 0.110 | Teig = 0.119 | Tblk = 1.246 | Tmve = 1.139 | Tdm = 0.020 | Tsplt = 0.020 | Tsvd = 0.000 | Torth = 0.000

Sweep =    6 | Direction =  forward | Bond dimension =  250 | Noise =  1.00e-03 | Dav threshold =  1.00e-04
 --> Site =    0-   1 .. Mmps =    2 Ndav =   1 E =  -5092.8380652567 Error = 0.00e+00 FLOPS = 2.41e+07 Tdav = 0.00 T = 0.02
 --> Site =    1-   2 .. Mmps =    4 Ndav =   1 E =  -5092.8380652567 Error = 0.00e+00 FLOPS = 2.00e+08 Tdav = 0.00 T = 0.03
 --> Site =    2-   3 .. Mmps =    8 Ndav =   1 E =  -5092.8380652567 Error = 0.00e+00 FLOPS = 1.58e+09 Tdav = 0.00 T = 0.04
 --> Site =    3-   4 .. Mmps =   16 Ndav =   1 E =  -5092.8380652567 Error = 0.00e+00 FLOPS = 8.86e+09 Tdav = 0.00 T = 0.04
 --> Site =    4-   5 .. Mmps =   32 Ndav =   1 E =  -5092.8380652567 Error = 0.00e+00 FLOPS = 1.70e+10 Tdav = 0.00 T = 0.05
 --> Site =    5-   6 .. Mmps =   64 Ndav =   1 E =  -5092.8380652567 Error = 0.00e+00 FLOPS = 3.03e+10 Tdav = 0.00 T = 0.06
 --> Site =    6-   7 .. Mmps =  127 Ndav =   1 E =  -5092.8380652567 Error = 0.00e+00 FLOPS = 4.68e+10 Tdav = 0.00 T = 0.07
 --> Site =    7-   8 .. Mmps =  250 Ndav =   1 E =  -5092.8380652567 Error = 8.76e-11 FLOPS = 7.09e+10 Tdav = 0.01 T = 0.12
 --> Site =    8-   9 .. Mmps =  250 Ndav =   1 E =  -5092.8380652567 Error = 4.63e-07 FLOPS = 8.43e+10 Tdav = 0.02 T = 0.27
 --> Site =    9-  10 .. Mmps =  250 Ndav =   1 E =  -5092.8380651031 Error = 2.96e-06 FLOPS = 9.19e+10 Tdav = 0.03 T = 0.32
 --> Site =   10-  11 .. Mmps =  250 Ndav =   1 E =  -5092.8380638470 Error = 1.47e-06 FLOPS = 8.11e+10 Tdav = 0.02 T = 0.32
 --> Site =   11-  12 .. Mmps =  250 Ndav =   1 E =  -5092.8380633190 Error = 2.10e-06 FLOPS = 6.40e+10 Tdav = 0.01 T = 0.21
 --> Site =   12-  13 .. Mmps =  250 Ndav =   1 E =  -5092.8380627549 Error = 4.15e-07 FLOPS = 4.66e+10 Tdav = 0.01 T = 0.16
 --> Site =   13-  14 .. Mmps =  250 Ndav =   1 E =  -5092.8380627290 Error = 4.83e-09 FLOPS = 2.51e+10 Tdav = 0.00 T = 0.13
 --> Site =   14-  15 .. Mmps =  202 Ndav =   1 E =  -5092.8380627293 Error = 1.70e-14 FLOPS = 1.55e+10 Tdav = 0.00 T = 0.11
 --> Site =   15-  16 .. Mmps =   98 Ndav =   1 E =  -5092.8380627293 Error = 3.59e-15 FLOPS = 7.83e+09 Tdav = 0.00 T = 0.08
 --> Site =   16-  17 .. Mmps =   45 Ndav =   1 E =  -5092.8380627293 Error = 2.76e-17 FLOPS = 1.31e+09 Tdav = 0.00 T = 0.04
 --> Site =   17-  18 .. Mmps =   19 Ndav =   1 E =  -5092.8380627293 Error = 6.13e-18 FLOPS = 2.00e+08 Tdav = 0.00 T = 0.03
 --> Site =   18-  19 .. Mmps =    7 Ndav =   1 E =  -5092.8380627293 Error = 2.58e-18 FLOPS = 2.41e+07 Tdav = 0.00 T = 0.03
Time elapsed =     16.000 | E =   -5092.8380652567 | DE = 2.03e-06 | DW = 2.96e-06
Time sweep =        2.143 | 7.91 GFLOP/SWP
 | Dmem = 29.8 MB (2%) | Imem = 17.2 KB (95%) | Hmem = 61.9 MB | Wmem = 379 KB | Pmem = 2.74 MB
 | Tread = 0.105 | Twrite = 0.854 | Tfpread = 0.082 | Tfpwrite = 0.081 | Tmporead = 0.000 | Tasync = 0.000
 | data = 90.5 MB | cpsd = 70.2 MB
 | Trot = 0.053 | Tctr = 0.007 | Tint = 0.024 | Tmid = 0.036 | Tdctr = 0.037 | Tdiag = 0.016 | Tinfo = 0.073
 | Teff = 0.313 | Tprt = 0.101 | Teig = 0.120 | Tblk = 1.001 | Tmve = 1.139 | Tdm = 0.020 | Tsplt = 0.020 | Tsvd = 0.000 | Torth = 0.000

Sweep =    7 | Direction = backward | Bond dimension =  250 | Noise =  1.00e-03 | Dav threshold =  1.00e-04
 <-- Site =   18-  19 .. Mmps =    2 Ndav =   1 E =  -5092.8380627293 Error = 0.00e+00 FLOPS = 2.22e+07 Tdav = 0.00 T = 0.02
 <-- Site =   17-  18 .. Mmps =    4 Ndav =   1 E =  -5092.8380627293 Error = 0.00e+00 FLOPS = 2.22e+08 Tdav = 0.00 T = 0.03
 <-- Site =   16-  17 .. Mmps =    8 Ndav =   1 E =  -5092.8380627293 Error = 0.00e+00 FLOPS = 1.66e+09 Tdav = 0.00 T = 0.03
 <-- Site =   15-  16 .. Mmps =   16 Ndav =   1 E =  -5092.8380627293 Error = 0.00e+00 FLOPS = 8.41e+09 Tdav = 0.00 T = 0.04
 <-- Site =   14-  15 .. Mmps =   32 Ndav =   1 E =  -5092.8380627293 Error = 0.00e+00 FLOPS = 1.80e+10 Tdav = 0.00 T = 0.05
 <-- Site =   13-  14 .. Mmps =   64 Ndav =   1 E =  -5092.8380627293 Error = 0.00e+00 FLOPS = 2.92e+10 Tdav = 0.00 T = 0.06
 <-- Site =   12-  13 .. Mmps =  128 Ndav =   1 E =  -5092.8380627293 Error = 0.00e+00 FLOPS = 4.85e+10 Tdav = 0.00 T = 0.08
 <-- Site =   11-  12 .. Mmps =  250 Ndav =   1 E =  -5092.8380627293 Error = 3.12e-10 FLOPS = 6.85e+10 Tdav = 0.01 T = 0.12
 <-- Site =   10-  11 .. Mmps =  250 Ndav =   1 E =  -5092.8380627293 Error = 7.06e-07 FLOPS = 9.05e+10 Tdav = 0.02 T = 0.27
 <-- Site =    9-  10 .. Mmps =  250 Ndav =   1 E =  -5092.8380626075 Error = 1.91e-06 FLOPS = 9.07e+10 Tdav = 0.03 T = 0.35
 <-- Site =    8-   9 .. Mmps =  250 Ndav =   1 E =  -5092.8380617074 Error = 1.87e-06 FLOPS = 8.45e+10 Tdav = 0.02 T = 0.27
 <-- Site =    7-   8 .. Mmps =  250 Ndav =   1 E =  -5092.8380610538 Error = 6.79e-07 FLOPS = 7.01e+10 Tdav = 0.01 T = 0.21
 <-- Site =    6-   7 .. Mmps =  250 Ndav =   1 E =  -5092.8380608984 Error = 2.35e-07 FLOPS = 4.77e+10 Tdav = 0.00 T = 0.16
 <-- Site =    5-   6 .. Mmps =  250 Ndav =   1 E =  -5092.8380608568 Error = 3.23e-09 FLOPS = 2.25e+10 Tdav = 0.00 T = 0.13
 <-- Site =    4-   5 .. Mmps =  197 Ndav =   1 E =  -5092.8380608567 Error = 2.21e-14 FLOPS = 1.37e+10 Tdav = 0.00 T = 0.11
 <-- Site =    3-   4 .. Mmps =   96 Ndav =   1 E =  -5092.8380608567 Error = 2.79e-15 FLOPS = 7.35e+09 Tdav = 0.00 T = 0.07
 <-- Site =    2-   3 .. Mmps =   44 Ndav =   1 E =  -5092.8380608567 Error = 6.31e-16 FLOPS = 1.50e+09 Tdav = 0.00 T = 0.04
 <-- Site =    1-   2 .. Mmps =   19 Ndav =   1 E =  -5092.8380608567 Error = 7.73e-18 FLOPS = 1.99e+08 Tdav = 0.00 T = 0.03
 <-- Site =    0-   1 .. Mmps =    7 Ndav =   1 E =  -5092.8380608567 Error = 1.56e-18 FLOPS = 2.46e+07 Tdav = 0.00 T = 0.03
Time elapsed =     18.120 | E =   -5092.8380627293 | DE = 2.53e-06 | DW = 1.91e-06
Time sweep =        2.120 | 7.91 GFLOP/SWP
 | Dmem = 30.3 MB (2%) | Imem = 17.2 KB (95%) | Hmem = 61.9 MB | Wmem = 379 KB | Pmem = 2.74 MB
 | Tread = 0.092 | Twrite = 0.863 | Tfpread = 0.070 | Tfpwrite = 0.085 | Tmporead = 0.000 | Tasync = 0.000
 | data = 93.2 MB | cpsd = 71.2 MB
 | Trot = 0.054 | Tctr = 0.005 | Tint = 0.016 | Tmid = 0.036 | Tdctr = 0.026 | Tdiag = 0.016 | Tinfo = 0.074
 | Teff = 0.297 | Tprt = 0.109 | Teig = 0.117 | Tblk = 0.978 | Tmve = 1.138 | Tdm = 0.019 | Tsplt = 0.020 | Tsvd = 0.000 | Torth = 0.000

Sweep =    8 | Direction =  forward | Bond dimension =  500 | Noise =  1.00e-04 | Dav threshold =  1.00e-05
 --> Site =    0-   1 .. Mmps =    2 Ndav =   1 E =  -5092.8380608567 Error = 0.00e+00 FLOPS = 2.04e+07 Tdav = 0.00 T = 0.02
 --> Site =    1-   2 .. Mmps =    4 Ndav =   1 E =  -5092.8380608567 Error = 0.00e+00 FLOPS = 2.08e+08 Tdav = 0.00 T = 0.03
 --> Site =    2-   3 .. Mmps =    8 Ndav =   1 E =  -5092.8380608567 Error = 0.00e+00 FLOPS = 1.58e+09 Tdav = 0.00 T = 0.04
 --> Site =    3-   4 .. Mmps =   16 Ndav =   2 E =  -5092.8380745822 Error = 0.00e+00 FLOPS = 1.13e+10 Tdav = 0.00 T = 0.04
 --> Site =    4-   5 .. Mmps =   32 Ndav =   2 E =  -5092.8380901667 Error = 0.00e+00 FLOPS = 2.26e+10 Tdav = 0.00 T = 0.05
 --> Site =    5-   6 .. Mmps =   64 Ndav =   2 E =  -5092.8381036059 Error = 0.00e+00 FLOPS = 3.98e+10 Tdav = 0.00 T = 0.06
 --> Site =    6-   7 .. Mmps =  127 Ndav =   2 E =  -5092.8381176708 Error = 0.00e+00 FLOPS = 6.35e+10 Tdav = 0.01 T = 0.08
 --> Site =    7-   8 .. Mmps =  254 Ndav =   2 E =  -5092.8381291677 Error = 0.00e+00 FLOPS = 9.27e+10 Tdav = 0.01 T = 0.13
 --> Site =    8-   9 .. Mmps =  500 Ndav =   2 E =  -5092.8381444027 Error = 2.96e-13 FLOPS = 1.09e+11 Tdav = 0.04 T = 0.30
 --> Site =    9-  10 .. Mmps =  500 Ndav =   3 E =  -5092.8381703412 Error = 4.86e-08 FLOPS = 1.08e+11 Tdav = 0.17 T = 1.06
 --> Site =   10-  11 .. Mmps =  500 Ndav =   2 E =  -5092.8381877063 Error = 3.02e-08 FLOPS = 9.04e+10 Tdav = 0.14 T = 1.09
 --> Site =   11-  12 .. Mmps =  500 Ndav =   1 E =  -5092.8381876909 Error = 9.24e-09 FLOPS = 5.68e+10 Tdav = 0.04 T = 0.64
 --> Site =   12-  13 .. Mmps =  500 Ndav =   1 E =  -5092.8381876903 Error = 4.61e-10 FLOPS = 3.43e+10 Tdav = 0.02 T = 0.49
 --> Site =   13-  14 .. Mmps =  396 Ndav =   1 E =  -5092.8381876903 Error = 5.86e-14 FLOPS = 3.50e+10 Tdav = 0.01 T = 0.39
 --> Site =   14-  15 .. Mmps =  203 Ndav =   1 E =  -5092.8381876903 Error = 1.24e-14 FLOPS = 1.93e+10 Tdav = 0.00 T = 0.22
 --> Site =   15-  16 .. Mmps =   98 Ndav =   1 E =  -5092.8381876903 Error = 2.19e-16 FLOPS = 5.11e+09 Tdav = 0.00 T = 0.08
 --> Site =   16-  17 .. Mmps =   45 Ndav =   1 E =  -5092.8381876903 Error = 3.45e-18 FLOPS = 1.44e+09 Tdav = 0.00 T = 0.04
 --> Site =   17-  18 .. Mmps =   19 Ndav =   1 E =  -5092.8381876903 Error = 2.33e-17 FLOPS = 1.58e+08 Tdav = 0.00 T = 0.03
 --> Site =   18-  19 .. Mmps =    7 Ndav =   1 E =  -5092.8381876903 Error = 2.12e-18 FLOPS = 1.64e+07 Tdav = 0.00 T = 0.03
Time elapsed =     22.924 | E =   -5092.8381877063 | DE = -1.25e-04 | DW = 4.86e-08
Time sweep =        4.805 | 37.9 GFLOP/SWP
 | Dmem = 113 MB (1%) | Imem = 18.0 KB (94%) | Hmem = 190 MB | Wmem = 714 KB | Pmem = 5.42 MB
 | Tread = 0.169 | Twrite = 2.415 | Tfpread = 0.147 | Tfpwrite = 0.244 | Tmporead = 0.000 | Tasync = 0.000
 | data = 273 MB | cpsd = 209 MB
 | Trot = 0.237 | Tctr = 0.021 | Tint = 0.045 | Tmid = 0.111 | Tdctr = 0.083 | Tdiag = 0.023 | Tinfo = 0.102
 | Teff = 0.482 | Tprt = 0.237 | Teig = 0.461 | Tblk = 1.780 | Tmve = 3.022 | Tdm = 0.053 | Tsplt = 0.070 | Tsvd = 0.000 | Torth = 0.000

Sweep =    9 | Direction = backward | Bond dimension =  500 | Noise =  1.00e-04 | Dav threshold =  1.00e-05
 <-- Site =   18-  19 .. Mmps =    2 Ndav =   1 E =  -5092.8381876903 Error = 0.00e+00 FLOPS = 2.42e+07 Tdav = 0.00 T = 0.02
 <-- Site =   17-  18 .. Mmps =    4 Ndav =   1 E =  -5092.8381876903 Error = 0.00e+00 FLOPS = 1.50e+08 Tdav = 0.00 T = 0.03
 <-- Site =   16-  17 .. Mmps =    8 Ndav =   1 E =  -5092.8381876903 Error = 0.00e+00 FLOPS = 1.52e+09 Tdav = 0.00 T = 0.04
 <-- Site =   15-  16 .. Mmps =   16 Ndav =   1 E =  -5092.8381876903 Error = 0.00e+00 FLOPS = 8.25e+09 Tdav = 0.00 T = 0.04
 <-- Site =   14-  15 .. Mmps =   32 Ndav =   1 E =  -5092.8381876903 Error = 0.00e+00 FLOPS = 2.06e+10 Tdav = 0.00 T = 0.06
 <-- Site =   13-  14 .. Mmps =   64 Ndav =   1 E =  -5092.8381876903 Error = 0.00e+00 FLOPS = 3.77e+10 Tdav = 0.01 T = 0.10
 <-- Site =   12-  13 .. Mmps =  128 Ndav =   1 E =  -5092.8381876903 Error = 0.00e+00 FLOPS = 6.62e+10 Tdav = 0.01 T = 0.14
 <-- Site =   11-  12 .. Mmps =  255 Ndav =   1 E =  -5092.8381876903 Error = 0.00e+00 FLOPS = 7.23e+10 Tdav = 0.03 T = 0.34
 <-- Site =   10-  11 .. Mmps =  500 Ndav =   1 E =  -5092.8381876903 Error = 7.28e-12 FLOPS = 8.18e+10 Tdav = 0.08 T = 0.43
 <-- Site =    9-  10 .. Mmps =  500 Ndav =   1 E =  -5092.8381876903 Error = 4.65e-08 FLOPS = 8.91e+10 Tdav = 0.21 T = 1.41
 <-- Site =    8-   9 .. Mmps =  500 Ndav =   1 E =  -5092.8381876383 Error = 5.74e-08 FLOPS = 6.53e+10 Tdav = 0.10 T = 0.85
 <-- Site =    7-   8 .. Mmps =  500 Ndav =   1 E =  -5092.8381875961 Error = 5.51e-09 FLOPS = 8.82e+10 Tdav = 0.03 T = 0.60
 <-- Site =    6-   7 .. Mmps =  500 Ndav =   1 E =  -5092.8381875952 Error = 2.39e-10 FLOPS = 6.34e+10 Tdav = 0.01 T = 0.46
 <-- Site =    5-   6 .. Mmps =  378 Ndav =   1 E =  -5092.8381875952 Error = 9.01e-14 FLOPS = 4.12e+10 Tdav = 0.01 T = 0.38
 <-- Site =    4-   5 .. Mmps =  193 Ndav =   1 E =  -5092.8381875952 Error = 2.60e-14 FLOPS = 1.95e+10 Tdav = 0.00 T = 0.20
 <-- Site =    3-   4 .. Mmps =   92 Ndav =   1 E =  -5092.8381875952 Error = 1.15e-14 FLOPS = 6.61e+09 Tdav = 0.00 T = 0.07
 <-- Site =    2-   3 .. Mmps =   42 Ndav =   1 E =  -5092.8381875952 Error = 9.73e-15 FLOPS = 1.34e+09 Tdav = 0.00 T = 0.04
 <-- Site =    1-   2 .. Mmps =   18 Ndav =   1 E =  -5092.8381875952 Error = 2.25e-16 FLOPS = 1.75e+08 Tdav = 0.00 T = 0.03
 <-- Site =    0-   1 .. Mmps =    7 Ndav =   1 E =  -5092.8381875952 Error = 9.35e-19 FLOPS = 2.04e+07 Tdav = 0.00 T = 0.03
Time elapsed =     28.208 | E =   -5092.8381876903 | DE = 1.59e-08 | DW = 5.74e-08
Time sweep =        5.284 | 35.3 GFLOP/SWP
 | Dmem = 115 MB (2%) | Imem = 18.2 KB (94%) | Hmem = 236 MB | Wmem = 1.39 MB | Pmem = 10.3 MB
 | Tread = 0.252 | Twrite = 2.410 | Tfpread = 0.229 | Tfpwrite = 0.228 | Tmporead = 0.000 | Tasync = 0.000
 | data = 280 MB | cpsd = 210 MB
 | Trot = 0.275 | Tctr = 0.006 | Tint = 0.016 | Tmid = 0.107 | Tdctr = 0.027 | Tdiag = 0.025 | Tinfo = 0.099
 | Teff = 0.617 | Tprt = 0.318 | Teig = 0.490 | Tblk = 2.225 | Tmve = 3.056 | Tdm = 0.076 | Tsplt = 0.069 | Tsvd = 0.000 | Torth = 0.000

Sweep =   10 | Direction =  forward | Bond dimension =  500 | Noise =  1.00e-04 | Dav threshold =  1.00e-05
 --> Site =    0-   1 .. Mmps =    2 Ndav =   1 E =  -5092.8381875952 Error = 0.00e+00 FLOPS = 2.05e+07 Tdav = 0.00 T = 0.02
 --> Site =    1-   2 .. Mmps =    4 Ndav =   1 E =  -5092.8381875952 Error = 0.00e+00 FLOPS = 1.94e+08 Tdav = 0.00 T = 0.03
 --> Site =    2-   3 .. Mmps =    8 Ndav =   1 E =  -5092.8381875952 Error = 0.00e+00 FLOPS = 1.48e+09 Tdav = 0.00 T = 0.04
 --> Site =    3-   4 .. Mmps =   16 Ndav =   1 E =  -5092.8381875952 Error = 0.00e+00 FLOPS = 7.78e+09 Tdav = 0.00 T = 0.04
 --> Site =    4-   5 .. Mmps =   32 Ndav =   1 E =  -5092.8381875952 Error = 0.00e+00 FLOPS = 1.93e+10 Tdav = 0.00 T = 0.06
 --> Site =    5-   6 .. Mmps =   64 Ndav =   1 E =  -5092.8381875952 Error = 0.00e+00 FLOPS = 3.95e+10 Tdav = 0.01 T = 0.09
 --> Site =    6-   7 .. Mmps =  128 Ndav =   1 E =  -5092.8381875952 Error = 0.00e+00 FLOPS = 6.28e+10 Tdav = 0.01 T = 0.12
 --> Site =    7-   8 .. Mmps =  255 Ndav =   1 E =  -5092.8381875952 Error = 0.00e+00 FLOPS = 9.14e+10 Tdav = 0.02 T = 0.19
 --> Site =    8-   9 .. Mmps =  500 Ndav =   1 E =  -5092.8381875952 Error = 1.19e-11 FLOPS = 6.80e+10 Tdav = 0.09 T = 0.44
 --> Site =    9-  10 .. Mmps =  500 Ndav =   1 E =  -5092.8381875952 Error = 2.84e-08 FLOPS = 9.00e+10 Tdav = 0.20 T = 1.17
 --> Site =   10-  11 .. Mmps =  500 Ndav =   1 E =  -5092.8381875748 Error = 1.85e-08 FLOPS = 6.45e+10 Tdav = 0.10 T = 0.99
 --> Site =   11-  12 .. Mmps =  500 Ndav =   1 E =  -5092.8381875712 Error = 8.72e-09 FLOPS = 7.82e+10 Tdav = 0.03 T = 0.61
 --> Site =   12-  13 .. Mmps =  500 Ndav =   1 E =  -5092.8381875702 Error = 4.65e-10 FLOPS = 5.69e+10 Tdav = 0.01 T = 0.46
 --> Site =   13-  14 .. Mmps =  396 Ndav =   1 E =  -5092.8381875703 Error = 5.83e-14 FLOPS = 3.64e+10 Tdav = 0.01 T = 0.38
 --> Site =   14-  15 .. Mmps =  203 Ndav =   1 E =  -5092.8381875703 Error = 1.24e-14 FLOPS = 1.84e+10 Tdav = 0.00 T = 0.23
 --> Site =   15-  16 .. Mmps =   98 Ndav =   1 E =  -5092.8381875703 Error = 2.18e-16 FLOPS = 2.18e+09 Tdav = 0.00 T = 0.08
 --> Site =   16-  17 .. Mmps =   45 Ndav =   1 E =  -5092.8381875703 Error = 1.02e-17 FLOPS = 6.35e+08 Tdav = 0.00 T = 0.04
 --> Site =   17-  18 .. Mmps =   19 Ndav =   1 E =  -5092.8381875703 Error = 2.55e-17 FLOPS = 1.30e+08 Tdav = 0.00 T = 0.03
 --> Site =   18-  19 .. Mmps =    7 Ndav =   1 E =  -5092.8381875703 Error = 8.64e-18 FLOPS = 1.44e+07 Tdav = 0.00 T = 0.02
Time elapsed =     33.236 | E =   -5092.8381875952 | DE = 9.52e-08 | DW = 2.84e-08
Time sweep =        5.027 | 35.2 GFLOP/SWP
 | Dmem = 114 MB (2%) | Imem = 19.4 KB (95%) | Hmem = 236 MB | Wmem = 1.38 MB | Pmem = 10.2 MB
 | Tread = 0.272 | Twrite = 2.394 | Tfpread = 0.249 | Tfpwrite = 0.233 | Tmporead = 0.000 | Tasync = 0.000
 | data = 272 MB | cpsd = 209 MB
 | Trot = 0.204 | Tctr = 0.014 | Tint = 0.040 | Tmid = 0.111 | Tdctr = 0.084 | Tdiag = 0.025 | Tinfo = 0.096
 | Teff = 0.632 | Tprt = 0.254 | Teig = 0.508 | Tblk = 2.028 | Tmve = 2.996 | Tdm = 0.068 | Tsplt = 0.065 | Tsvd = 0.000 | Torth = 0.000

Sweep =   11 | Direction = backward | Bond dimension =  500 | Noise =  1.00e-04 | Dav threshold =  1.00e-05
 <-- Site =   18-  19 .. Mmps =    2 Ndav =   1 E =  -5092.8381875703 Error = 0.00e+00 FLOPS = 1.74e+07 Tdav = 0.00 T = 0.02
 <-- Site =   17-  18 .. Mmps =    4 Ndav =   1 E =  -5092.8381875703 Error = 0.00e+00 FLOPS = 1.28e+08 Tdav = 0.00 T = 0.02
 <-- Site =   16-  17 .. Mmps =    8 Ndav =   1 E =  -5092.8381875703 Error = 0.00e+00 FLOPS = 1.49e+09 Tdav = 0.00 T = 0.03
 <-- Site =   15-  16 .. Mmps =   16 Ndav =   1 E =  -5092.8381875703 Error = 0.00e+00 FLOPS = 8.11e+09 Tdav = 0.00 T = 0.04
 <-- Site =   14-  15 .. Mmps =   32 Ndav =   1 E =  -5092.8381875703 Error = 0.00e+00 FLOPS = 2.26e+10 Tdav = 0.00 T = 0.05
 <-- Site =   13-  14 .. Mmps =   64 Ndav =   1 E =  -5092.8381875703 Error = 0.00e+00 FLOPS = 3.27e+10 Tdav = 0.01 T = 0.30
 <-- Site =   12-  13 .. Mmps =  128 Ndav =   1 E =  -5092.8381875703 Error = 0.00e+00 FLOPS = 5.64e+10 Tdav = 0.01 T = 0.13
 <-- Site =   11-  12 .. Mmps =  255 Ndav =   1 E =  -5092.8381875703 Error = 0.00e+00 FLOPS = 5.64e+10 Tdav = 0.04 T = 0.21
 <-- Site =   10-  11 .. Mmps =  500 Ndav =   1 E =  -5092.8381875703 Error = 6.97e-12 FLOPS = 6.48e+10 Tdav = 0.10 T = 0.45
 <-- Site =    9-  10 .. Mmps =  500 Ndav =   1 E =  -5092.8381875703 Error = 2.43e-08 FLOPS = 8.70e+10 Tdav = 0.21 T = 1.37
 <-- Site =    8-   9 .. Mmps =  500 Ndav =   1 E =  -5092.8381875428 Error = 3.81e-08 FLOPS = 6.30e+10 Tdav = 0.10 T = 0.86
 <-- Site =    7-   8 .. Mmps =  500 Ndav =   1 E =  -5092.8381875197 Error = 5.15e-09 FLOPS = 8.06e+10 Tdav = 0.03 T = 0.61
 <-- Site =    6-   7 .. Mmps =  500 Ndav =   1 E =  -5092.8381875190 Error = 2.41e-10 FLOPS = 5.79e+10 Tdav = 0.01 T = 0.47
 <-- Site =    5-   6 .. Mmps =  378 Ndav =   1 E =  -5092.8381875190 Error = 8.93e-14 FLOPS = 3.46e+10 Tdav = 0.01 T = 0.38
 <-- Site =    4-   5 .. Mmps =  193 Ndav =   1 E =  -5092.8381875190 Error = 2.59e-14 FLOPS = 1.87e+10 Tdav = 0.00 T = 0.19
 <-- Site =    3-   4 .. Mmps =   92 Ndav =   1 E =  -5092.8381875190 Error = 1.15e-14 FLOPS = 6.08e+09 Tdav = 0.00 T = 0.07
 <-- Site =    2-   3 .. Mmps =   42 Ndav =   1 E =  -5092.8381875190 Error = 9.77e-15 FLOPS = 1.17e+09 Tdav = 0.00 T = 0.03
 <-- Site =    1-   2 .. Mmps =   18 Ndav =   1 E =  -5092.8381875190 Error = 2.39e-16 FLOPS = 1.62e+08 Tdav = 0.00 T = 0.03
 <-- Site =    0-   1 .. Mmps =    7 Ndav =   1 E =  -5092.8381875190 Error = 6.58e-18 FLOPS = 1.75e+07 Tdav = 0.00 T = 0.02
Time elapsed =     38.493 | E =   -5092.8381875703 | DE = 2.49e-08 | DW = 3.81e-08
Time sweep =        5.258 | 35.2 GFLOP/SWP
 | Dmem = 115 MB (2%) | Imem = 19.4 KB (95%) | Hmem = 236 MB | Wmem = 1.38 MB | Pmem = 10.2 MB
 | Tread = 0.233 | Twrite = 2.410 | Tfpread = 0.213 | Tfpwrite = 0.234 | Tmporead = 0.000 | Tasync = 0.000
 | data = 280 MB | cpsd = 210 MB
 | Trot = 0.217 | Tctr = 0.006 | Tint = 0.019 | Tmid = 0.109 | Tdctr = 0.028 | Tdiag = 0.032 | Tinfo = 0.086
 | Teff = 0.613 | Tprt = 0.323 | Teig = 0.536 | Tblk = 2.272 | Tmve = 2.981 | Tdm = 0.071 | Tsplt = 0.063 | Tsvd = 0.000 | Torth = 0.000

Sweep =   12 | Direction =  forward | Bond dimension =  500 | Noise =  1.00e-04 | Dav threshold =  1.00e-05
 --> Site =    0-   1 .. Mmps =    2 Ndav =   1 E =  -5092.8381875190 Error = 0.00e+00 FLOPS = 1.93e+07 Tdav = 0.00 T = 0.02
 --> Site =    1-   2 .. Mmps =    4 Ndav =   1 E =  -5092.8381875190 Error = 0.00e+00 FLOPS = 1.75e+08 Tdav = 0.00 T = 0.02
 --> Site =    2-   3 .. Mmps =    8 Ndav =   1 E =  -5092.8381875190 Error = 0.00e+00 FLOPS = 1.34e+09 Tdav = 0.00 T = 0.03
 --> Site =    3-   4 .. Mmps =   16 Ndav =   1 E =  -5092.8381875190 Error = 0.00e+00 FLOPS = 7.62e+09 Tdav = 0.00 T = 0.03
 --> Site =    4-   5 .. Mmps =   32 Ndav =   1 E =  -5092.8381875190 Error = 0.00e+00 FLOPS = 1.99e+10 Tdav = 0.00 T = 0.05
 --> Site =    5-   6 .. Mmps =   64 Ndav =   1 E =  -5092.8381875190 Error = 0.00e+00 FLOPS = 3.84e+10 Tdav = 0.01 T = 0.09
 --> Site =    6-   7 .. Mmps =  128 Ndav =   1 E =  -5092.8381875190 Error = 0.00e+00 FLOPS = 6.08e+10 Tdav = 0.01 T = 0.12
 --> Site =    7-   8 .. Mmps =  255 Ndav =   1 E =  -5092.8381875190 Error = 0.00e+00 FLOPS = 8.19e+10 Tdav = 0.03 T = 0.19
 --> Site =    8-   9 .. Mmps =  500 Ndav =   1 E =  -5092.8381875190 Error = 1.11e-11 FLOPS = 8.22e+10 Tdav = 0.08 T = 0.43
 --> Site =    9-  10 .. Mmps =  500 Ndav =   2 E =  -5092.8381912445 Error = 5.99e-08 FLOPS = 1.21e+11 Tdav = 0.30 T = 1.26
 --> Site =   10-  11 .. Mmps =  500 Ndav =   1 E =  -5092.8381910657 Error = 2.36e-08 FLOPS = 6.44e+10 Tdav = 0.10 T = 0.99
 --> Site =   11-  12 .. Mmps =  500 Ndav =   1 E =  -5092.8381910344 Error = 9.36e-09 FLOPS = 8.17e+10 Tdav = 0.03 T = 0.61
 --> Site =   12-  13 .. Mmps =  500 Ndav =   1 E =  -5092.8381910316 Error = 4.69e-10 FLOPS = 5.94e+10 Tdav = 0.01 T = 0.46
 --> Site =   13-  14 .. Mmps =  395 Ndav =   1 E =  -5092.8381910317 Error = 6.74e-14 FLOPS = 3.75e+10 Tdav = 0.01 T = 0.38
 --> Site =   14-  15 .. Mmps =  203 Ndav =   1 E =  -5092.8381910317 Error = 1.27e-14 FLOPS = 2.28e+10 Tdav = 0.00 T = 0.21
 --> Site =   15-  16 .. Mmps =   98 Ndav =   1 E =  -5092.8381910317 Error = 2.19e-16 FLOPS = 6.69e+09 Tdav = 0.00 T = 0.31
 --> Site =   16-  17 .. Mmps =   45 Ndav =   1 E =  -5092.8381910317 Error = 1.31e-17 FLOPS = 1.43e+09 Tdav = 0.00 T = 0.03
 --> Site =   17-  18 .. Mmps =   19 Ndav =   1 E =  -5092.8381910317 Error = 1.77e-17 FLOPS = 1.89e+08 Tdav = 0.00 T = 0.03
 --> Site =   18-  19 .. Mmps =    7 Ndav =   1 E =  -5092.8381910317 Error = 2.35e-18 FLOPS = 2.02e+07 Tdav = 0.00 T = 0.02
Time elapsed =     43.770 | E =   -5092.8381912445 | DE = -3.67e-06 | DW = 5.99e-08
Time sweep =        5.277 | 52.1 GFLOP/SWP
 | Dmem = 114 MB (2%) | Imem = 19.4 KB (95%) | Hmem = 236 MB | Wmem = 1.38 MB | Pmem = 10.2 MB
 | Tread = 0.253 | Twrite = 2.384 | Tfpread = 0.232 | Tfpwrite = 0.227 | Tmporead = 0.000 | Tasync = 0.000
 | data = 272 MB | cpsd = 208 MB
 | Trot = 0.212 | Tctr = 0.013 | Tint = 0.041 | Tmid = 0.113 | Tdctr = 0.067 | Tdiag = 0.028 | Tinfo = 0.084
 | Teff = 0.614 | Tprt = 0.255 | Teig = 0.586 | Tblk = 2.290 | Tmve = 2.984 | Tdm = 0.062 | Tsplt = 0.072 | Tsvd = 0.000 | Torth = 0.000

Sweep =   13 | Direction = backward | Bond dimension =  500 | Noise =  1.00e-04 | Dav threshold =  1.00e-05
 <-- Site =   18-  19 .. Mmps =    2 Ndav =   1 E =  -5092.8381910317 Error = 0.00e+00 FLOPS = 2.38e+07 Tdav = 0.00 T = 0.01
 <-- Site =   17-  18 .. Mmps =    4 Ndav =   1 E =  -5092.8381910317 Error = 0.00e+00 FLOPS = 1.86e+08 Tdav = 0.00 T = 0.02
 <-- Site =   16-  17 .. Mmps =    8 Ndav =   1 E =  -5092.8381910317 Error = 0.00e+00 FLOPS = 1.52e+09 Tdav = 0.00 T = 0.03
 <-- Site =   15-  16 .. Mmps =   16 Ndav =   1 E =  -5092.8381910317 Error = 0.00e+00 FLOPS = 8.86e+09 Tdav = 0.00 T = 0.03
 <-- Site =   14-  15 .. Mmps =   32 Ndav =   1 E =  -5092.8381910317 Error = 0.00e+00 FLOPS = 2.27e+10 Tdav = 0.00 T = 0.05
 <-- Site =   13-  14 .. Mmps =   64 Ndav =   1 E =  -5092.8381910317 Error = 0.00e+00 FLOPS = 3.65e+10 Tdav = 0.01 T = 0.08
 <-- Site =   12-  13 .. Mmps =  128 Ndav =   1 E =  -5092.8381910317 Error = 0.00e+00 FLOPS = 5.91e+10 Tdav = 0.01 T = 0.12
 <-- Site =   11-  12 .. Mmps =  256 Ndav =   1 E =  -5092.8381910317 Error = 0.00e+00 FLOPS = 8.14e+10 Tdav = 0.03 T = 0.19
 <-- Site =   10-  11 .. Mmps =  500 Ndav =   1 E =  -5092.8381910317 Error = 7.96e-12 FLOPS = 8.29e+10 Tdav = 0.08 T = 0.41
 <-- Site =    9-  10 .. Mmps =  500 Ndav =   1 E =  -5092.8381910317 Error = 3.62e-08 FLOPS = 8.87e+10 Tdav = 0.20 T = 1.34
 <-- Site =    8-   9 .. Mmps =  500 Ndav =   1 E =  -5092.8381909645 Error = 4.56e-08 FLOPS = 6.43e+10 Tdav = 0.10 T = 0.84
 <-- Site =    7-   8 .. Mmps =  500 Ndav =   1 E =  -5092.8381909096 Error = 5.31e-09 FLOPS = 8.35e+10 Tdav = 0.03 T = 0.59
 <-- Site =    6-   7 .. Mmps =  500 Ndav =   1 E =  -5092.8381909081 Error = 2.48e-10 FLOPS = 5.95e+10 Tdav = 0.01 T = 0.46
 <-- Site =    5-   6 .. Mmps =  377 Ndav =   1 E =  -5092.8381909081 Error = 1.01e-13 FLOPS = 3.82e+10 Tdav = 0.01 T = 0.38
 <-- Site =    4-   5 .. Mmps =  193 Ndav =   1 E =  -5092.8381909081 Error = 2.60e-14 FLOPS = 1.88e+10 Tdav = 0.00 T = 0.19
 <-- Site =    3-   4 .. Mmps =   92 Ndav =   1 E =  -5092.8381909081 Error = 1.16e-14 FLOPS = 6.33e+09 Tdav = 0.00 T = 0.07
 <-- Site =    2-   3 .. Mmps =   42 Ndav =   1 E =  -5092.8381909081 Error = 9.93e-15 FLOPS = 1.21e+09 Tdav = 0.00 T = 0.03
 <-- Site =    1-   2 .. Mmps =   18 Ndav =   1 E =  -5092.8381909081 Error = 2.44e-16 FLOPS = 1.67e+08 Tdav = 0.00 T = 0.02
 <-- Site =    0-   1 .. Mmps =    7 Ndav =   1 E =  -5092.8381909081 Error = 1.80e-18 FLOPS = 2.05e+07 Tdav = 0.00 T = 0.02
Time elapsed =     48.660 | E =   -5092.8381910317 | DE = 2.13e-07 | DW = 4.56e-08
Time sweep =        4.890 | 35.1 GFLOP/SWP
 | Dmem = 115 MB (2%) | Imem = 19.4 KB (95%) | Hmem = 235 MB | Wmem = 1.38 MB | Pmem = 10.2 MB
 | Tread = 0.232 | Twrite = 2.400 | Tfpread = 0.214 | Tfpwrite = 0.228 | Tmporead = 0.000 | Tasync = 0.000
 | data = 280 MB | cpsd = 210 MB
 | Trot = 0.211 | Tctr = 0.005 | Tint = 0.015 | Tmid = 0.109 | Tdctr = 0.026 | Tdiag = 0.024 | Tinfo = 0.082
 | Teff = 0.586 | Tprt = 0.297 | Teig = 0.490 | Tblk = 1.936 | Tmve = 2.951 | Tdm = 0.064 | Tsplt = 0.058 | Tsvd = 0.000 | Torth = 0.000

Sweep =   14 | Direction =  forward | Bond dimension =  500 | Noise =  1.00e-04 | Dav threshold =  1.00e-05
 --> Site =    0-   1 .. Mmps =    2 Ndav =   1 E =  -5092.8381909081 Error = 0.00e+00 FLOPS = 2.29e+07 Tdav = 0.00 T = 0.01
 --> Site =    1-   2 .. Mmps =    4 Ndav =   1 E =  -5092.8381909081 Error = 0.00e+00 FLOPS = 1.70e+08 Tdav = 0.00 T = 0.02
 --> Site =    2-   3 .. Mmps =    8 Ndav =   1 E =  -5092.8381909081 Error = 0.00e+00 FLOPS = 1.37e+09 Tdav = 0.00 T = 0.03
 --> Site =    3-   4 .. Mmps =   16 Ndav =   1 E =  -5092.8381909081 Error = 0.00e+00 FLOPS = 7.92e+09 Tdav = 0.00 T = 0.03
 --> Site =    4-   5 .. Mmps =   32 Ndav =   1 E =  -5092.8381909081 Error = 0.00e+00 FLOPS = 1.93e+10 Tdav = 0.00 T = 0.05
 --> Site =    5-   6 .. Mmps =   64 Ndav =   1 E =  -5092.8381909081 Error = 0.00e+00 FLOPS = 3.61e+10 Tdav = 0.01 T = 0.09
 --> Site =    6-   7 .. Mmps =  128 Ndav =   1 E =  -5092.8381909081 Error = 0.00e+00 FLOPS = 5.95e+10 Tdav = 0.01 T = 0.12
 --> Site =    7-   8 .. Mmps =  255 Ndav =   1 E =  -5092.8381909081 Error = 0.00e+00 FLOPS = 8.15e+10 Tdav = 0.03 T = 0.19
 --> Site =    8-   9 .. Mmps =  500 Ndav =   1 E =  -5092.8381909081 Error = 1.13e-11 FLOPS = 8.46e+10 Tdav = 0.07 T = 0.41
 --> Site =    9-  10 .. Mmps =  500 Ndav =   1 E =  -5092.8381909081 Error = 2.78e-08 FLOPS = 8.62e+10 Tdav = 0.21 T = 1.15
 --> Site =   10-  11 .. Mmps =  500 Ndav =   1 E =  -5092.8381908785 Error = 1.72e-08 FLOPS = 7.99e+10 Tdav = 0.08 T = 1.02
 --> Site =   11-  12 .. Mmps =  500 Ndav =   1 E =  -5092.8381908710 Error = 8.96e-09 FLOPS = 8.29e+10 Tdav = 0.03 T = 0.60
 --> Site =   12-  13 .. Mmps =  500 Ndav =   1 E =  -5092.8381908693 Error = 4.72e-10 FLOPS = 6.00e+10 Tdav = 0.01 T = 0.46
 --> Site =   13-  14 .. Mmps =  395 Ndav =   1 E =  -5092.8381908693 Error = 6.67e-14 FLOPS = 3.93e+10 Tdav = 0.01 T = 0.38
 --> Site =   14-  15 .. Mmps =  203 Ndav =   1 E =  -5092.8381908693 Error = 1.26e-14 FLOPS = 2.13e+10 Tdav = 0.00 T = 0.46
 --> Site =   15-  16 .. Mmps =   98 Ndav =   1 E =  -5092.8381908693 Error = 2.20e-16 FLOPS = 6.89e+09 Tdav = 0.00 T = 0.07
 --> Site =   16-  17 .. Mmps =   45 Ndav =   1 E =  -5092.8381908693 Error = 5.22e-18 FLOPS = 1.36e+09 Tdav = 0.00 T = 0.04
 --> Site =   17-  18 .. Mmps =   19 Ndav =   1 E =  -5092.8381908693 Error = 6.38e-18 FLOPS = 1.79e+08 Tdav = 0.00 T = 0.03
 --> Site =   18-  19 .. Mmps =    7 Ndav =   1 E =  -5092.8381908693 Error = 6.55e-18 FLOPS = 2.25e+07 Tdav = 0.00 T = 0.02
Time elapsed =     53.845 | E =   -5092.8381909081 | DE = 1.24e-07 | DW = 2.78e-08
Time sweep =        5.185 | 35.1 GFLOP/SWP
 | Dmem = 114 MB (2%) | Imem = 19.4 KB (95%) | Hmem = 235 MB | Wmem = 1.38 MB | Pmem = 10.2 MB
 | Tread = 0.256 | Twrite = 2.385 | Tfpread = 0.236 | Tfpwrite = 0.228 | Tmporead = 0.000 | Tasync = 0.000
 | data = 272 MB | cpsd = 208 MB
 | Trot = 0.250 | Tctr = 0.013 | Tint = 0.038 | Tmid = 0.112 | Tdctr = 0.065 | Tdiag = 0.024 | Tinfo = 0.083
 | Teff = 0.611 | Tprt = 0.257 | Teig = 0.476 | Tblk = 2.167 | Tmve = 3.015 | Tdm = 0.061 | Tsplt = 0.060 | Tsvd = 0.000 | Torth = 0.000

Sweep =   15 | Direction = backward | Bond dimension =  500 | Noise =  1.00e-04 | Dav threshold =  1.00e-05
 <-- Site =   18-  19 .. Mmps =    2 Ndav =   1 E =  -5092.8381908693 Error = 0.00e+00 FLOPS = 2.20e+07 Tdav = 0.00 T = 0.02
 <-- Site =   17-  18 .. Mmps =    4 Ndav =   1 E =  -5092.8381908693 Error = 0.00e+00 FLOPS = 1.95e+08 Tdav = 0.00 T = 0.02
 <-- Site =   16-  17 .. Mmps =    8 Ndav =   1 E =  -5092.8381908693 Error = 0.00e+00 FLOPS = 1.50e+09 Tdav = 0.00 T = 0.03
 <-- Site =   15-  16 .. Mmps =   16 Ndav =   1 E =  -5092.8381908693 Error = 0.00e+00 FLOPS = 8.43e+09 Tdav = 0.00 T = 0.03
 <-- Site =   14-  15 .. Mmps =   32 Ndav =   1 E =  -5092.8381908693 Error = 0.00e+00 FLOPS = 2.04e+10 Tdav = 0.00 T = 0.05
 <-- Site =   13-  14 .. Mmps =   64 Ndav =   1 E =  -5092.8381908693 Error = 0.00e+00 FLOPS = 3.56e+10 Tdav = 0.01 T = 0.09
 <-- Site =   12-  13 .. Mmps =  128 Ndav =   1 E =  -5092.8381908693 Error = 0.00e+00 FLOPS = 5.90e+10 Tdav = 0.01 T = 0.12
 <-- Site =   11-  12 .. Mmps =  256 Ndav =   1 E =  -5092.8381908693 Error = 0.00e+00 FLOPS = 7.92e+10 Tdav = 0.03 T = 0.19
 <-- Site =   10-  11 .. Mmps =  500 Ndav =   1 E =  -5092.8381908693 Error = 7.83e-12 FLOPS = 8.20e+10 Tdav = 0.08 T = 0.42
 <-- Site =    9-  10 .. Mmps =  500 Ndav =   1 E =  -5092.8381908693 Error = 2.25e-08 FLOPS = 8.60e+10 Tdav = 0.21 T = 1.33
 <-- Site =    8-   9 .. Mmps =  500 Ndav =   1 E =  -5092.8381908374 Error = 3.53e-08 FLOPS = 6.66e+10 Tdav = 0.09 T = 0.86
 <-- Site =    7-   8 .. Mmps =  500 Ndav =   1 E =  -5092.8381908136 Error = 5.05e-09 FLOPS = 7.08e+10 Tdav = 0.03 T = 0.61
 <-- Site =    6-   7 .. Mmps =  500 Ndav =   1 E =  -5092.8381908126 Error = 2.47e-10 FLOPS = 5.72e+10 Tdav = 0.01 T = 0.47
 <-- Site =    5-   6 .. Mmps =  377 Ndav =   1 E =  -5092.8381908125 Error = 1.00e-13 FLOPS = 3.39e+10 Tdav = 0.01 T = 0.38
 <-- Site =    4-   5 .. Mmps =  193 Ndav =   1 E =  -5092.8381908125 Error = 2.61e-14 FLOPS = 1.88e+10 Tdav = 0.00 T = 0.19
 <-- Site =    3-   4 .. Mmps =   92 Ndav =   1 E =  -5092.8381908125 Error = 1.16e-14 FLOPS = 3.77e+09 Tdav = 0.00 T = 0.07
 <-- Site =    2-   3 .. Mmps =   42 Ndav =   1 E =  -5092.8381908125 Error = 9.94e-15 FLOPS = 1.11e+09 Tdav = 0.00 T = 0.03
 <-- Site =    1-   2 .. Mmps =   18 Ndav =   1 E =  -5092.8381908125 Error = 2.45e-16 FLOPS = 1.71e+08 Tdav = 0.00 T = 0.03
 <-- Site =    0-   1 .. Mmps =    7 Ndav =   1 E =  -5092.8381908125 Error = 5.94e-18 FLOPS = 1.82e+07 Tdav = 0.00 T = 0.02
Time elapsed =     58.809 | E =   -5092.8381908693 | DE = 3.87e-08 | DW = 3.53e-08
Time sweep =        4.965 | 35.1 GFLOP/SWP
 | Dmem = 115 MB (2%) | Imem = 19.4 KB (95%) | Hmem = 235 MB | Wmem = 1.38 MB | Pmem = 10.2 MB
 | Tread = 0.206 | Twrite = 2.405 | Tfpread = 0.187 | Tfpwrite = 0.233 | Tmporead = 0.000 | Tasync = 0.000
 | data = 280 MB | cpsd = 210 MB
 | Trot = 0.213 | Tctr = 0.005 | Tint = 0.017 | Tmid = 0.108 | Tdctr = 0.027 | Tdiag = 0.024 | Tinfo = 0.086
 | Teff = 0.566 | Tprt = 0.331 | Teig = 0.503 | Tblk = 1.992 | Tmve = 2.970 | Tdm = 0.066 | Tsplt = 0.059 | Tsvd = 0.000 | Torth = 0.000

Sweep =   16 | Direction =  forward | Bond dimension =  500 | Noise =  0.00e+00 | Dav threshold =  1.00e-06
 --> Site =    0-   1 .. Mmps =    2 Ndav =   1 E =  -5092.8381908125 Error = 0.00e+00 FLOPS = 2.05e+07 Tdav = 0.00 T = 0.01
 --> Site =    1-   2 .. Mmps =    4 Ndav =   1 E =  -5092.8381908125 Error = 0.00e+00 FLOPS = 1.60e+08 Tdav = 0.00 T = 0.02
 --> Site =    2-   3 .. Mmps =    8 Ndav =   1 E =  -5092.8381908125 Error = 0.00e+00 FLOPS = 1.19e+09 Tdav = 0.00 T = 0.03
 --> Site =    3-   4 .. Mmps =   16 Ndav =   1 E =  -5092.8381908125 Error = 0.00e+00 FLOPS = 7.35e+09 Tdav = 0.00 T = 0.03
 --> Site =    4-   5 .. Mmps =   32 Ndav =   1 E =  -5092.8381908125 Error = 0.00e+00 FLOPS = 1.84e+10 Tdav = 0.00 T = 0.05
 --> Site =    5-   6 .. Mmps =   64 Ndav =   1 E =  -5092.8381908125 Error = 0.00e+00 FLOPS = 3.54e+10 Tdav = 0.01 T = 0.09
 --> Site =    6-   7 .. Mmps =  127 Ndav =   1 E =  -5092.8381908125 Error = 0.00e+00 FLOPS = 5.88e+10 Tdav = 0.01 T = 0.12
 --> Site =    7-   8 .. Mmps =  254 Ndav =   2 E =  -5092.8381919490 Error = 0.00e+00 FLOPS = 9.72e+10 Tdav = 0.05 T = 0.20
 --> Site =    8-   9 .. Mmps =  500 Ndav =   2 E =  -5092.8381932638 Error = 1.15e-12 FLOPS = 1.12e+11 Tdav = 0.11 T = 0.43
 --> Site =    9-  10 .. Mmps =  500 Ndav =   3 E =  -5092.8381956602 Error = 7.57e-08 FLOPS = 1.34e+11 Tdav = 0.41 T = 1.26
 --> Site =   10-  11 .. Mmps =  500 Ndav =   1 E =  -5092.8381955461 Error = 7.97e-17 FLOPS = 6.48e+10 Tdav = 0.10 T = 0.92
 --> Site =   11-  12 .. Mmps =  256 Ndav =   1 E =  -5092.8381955461 Error = 6.73e-18 FLOPS = 8.43e+10 Tdav = 0.03 T = 0.57
 --> Site =   12-  13 .. Mmps =  128 Ndav =   1 E =  -5092.8381955461 Error = 1.17e-17 FLOPS = 4.57e+10 Tdav = 0.01 T = 0.16
 --> Site =   13-  14 .. Mmps =   64 Ndav =   1 E =  -5092.8381955461 Error = 1.27e-16 FLOPS = 1.30e+10 Tdav = 0.00 T = 0.06
 --> Site =   14-  15 .. Mmps =   32 Ndav =   1 E =  -5092.8381955461 Error = 1.82e-17 FLOPS = 2.98e+09 Tdav = 0.00 T = 0.03
 --> Site =   15-  16 .. Mmps =   16 Ndav =   1 E =  -5092.8381955461 Error = 7.39e-18 FLOPS = 5.05e+08 Tdav = 0.00 T = 0.03
 --> Site =   16-  17 .. Mmps =    8 Ndav =   1 E =  -5092.8381955461 Error = 1.84e-17 FLOPS = 6.61e+07 Tdav = 0.00 T = 0.02
 --> Site =   17-  18 .. Mmps =    4 Ndav =   1 E =  -5092.8381955461 Error = 2.21e-17 FLOPS = 9.57e+06 Tdav = 0.00 T = 0.02
 --> Site =   18-  19 .. Mmps =    2 Ndav =   1 E =  -5092.8381955461 Error = 6.65e-18 FLOPS = 1.29e+06 Tdav = 0.00 T = 0.02
Time elapsed =     62.878 | E =   -5092.8381956602 | DE = -4.79e-06 | DW = 7.57e-08
Time sweep =        4.069 | 76.3 GFLOP/SWP
 | Dmem = 115 MB (2%) | Imem = 19.4 KB (95%) | Hmem = 235 MB | Wmem = 1.38 MB | Pmem = 0 B
 | Tread = 0.254 | Twrite = 1.748 | Tfpread = 0.234 | Tfpwrite = 0.167 | Tmporead = 0.000 | Tasync = 0.000
 | data = 198 MB | cpsd = 152 MB
 | Trot = 0.147 | Tctr = 0.013 | Tint = 0.039 | Tmid = 0.108 | Tdctr = 0.065 | Tdiag = 0.030 | Tinfo = 0.068
 | Teff = 0.591 | Tprt = 0.000 | Teig = 0.731 | Tblk = 1.809 | Tmve = 2.257 | Tdm = 0.008 | Tsplt = 0.044 | Tsvd = 0.000 | Torth = 0.000

Sweep =   17 | Direction = backward | Bond dimension =  500 | Noise =  0.00e+00 | Dav threshold =  1.00e-06
 <-- Site =   18-  19 .. Mmps =    2 Ndav =   1 E =  -5092.8381955461 Error = 0.00e+00 FLOPS = 1.24e+06 Tdav = 0.00 T = 0.01
 <-- Site =   17-  18 .. Mmps =    4 Ndav =   1 E =  -5092.8381955461 Error = 0.00e+00 FLOPS = 8.30e+06 Tdav = 0.00 T = 0.02
 <-- Site =   16-  17 .. Mmps =    8 Ndav =   1 E =  -5092.8381955461 Error = 0.00e+00 FLOPS = 7.58e+07 Tdav = 0.00 T = 0.02
 <-- Site =   15-  16 .. Mmps =   16 Ndav =   1 E =  -5092.8381955461 Error = 0.00e+00 FLOPS = 5.26e+08 Tdav = 0.00 T = 0.03
 <-- Site =   14-  15 .. Mmps =   32 Ndav =   1 E =  -5092.8381955461 Error = 0.00e+00 FLOPS = 3.48e+09 Tdav = 0.00 T = 0.03
 <-- Site =   13-  14 .. Mmps =   64 Ndav =   1 E =  -5092.8381955461 Error = 0.00e+00 FLOPS = 1.45e+10 Tdav = 0.00 T = 0.04
 <-- Site =   12-  13 .. Mmps =  128 Ndav =   1 E =  -5092.8381955461 Error = 0.00e+00 FLOPS = 5.18e+10 Tdav = 0.01 T = 0.06
 <-- Site =   11-  12 .. Mmps =  256 Ndav =   1 E =  -5092.8381955461 Error = 0.00e+00 FLOPS = 8.17e+10 Tdav = 0.03 T = 0.18
 <-- Site =   10-  11 .. Mmps =  500 Ndav =   1 E =  -5092.8381955461 Error = 1.36e-24 FLOPS = 8.17e+10 Tdav = 0.08 T = 0.45
 <-- Site =    9-  10 .. Mmps =  500 Ndav =   2 E =  -5092.8381959915 Error = 1.79e-08 FLOPS = 1.18e+11 Tdav = 0.31 T = 1.28
 <-- Site =    8-   9 .. Mmps =  500 Ndav =   1 E =  -5092.8381958956 Error = 6.24e-17 FLOPS = 6.46e+10 Tdav = 0.10 T = 0.79
 <-- Site =    7-   8 .. Mmps =  254 Ndav =   1 E =  -5092.8381958956 Error = 7.88e-18 FLOPS = 8.41e+10 Tdav = 0.03 T = 0.57
 <-- Site =    6-   7 .. Mmps =  127 Ndav =   1 E =  -5092.8381958956 Error = 1.51e-16 FLOPS = 4.36e+10 Tdav = 0.01 T = 0.16
 <-- Site =    5-   6 .. Mmps =   64 Ndav =   1 E =  -5092.8381958956 Error = 2.82e-17 FLOPS = 1.56e+10 Tdav = 0.00 T = 0.06
 <-- Site =    4-   5 .. Mmps =   32 Ndav =   1 E =  -5092.8381958956 Error = 2.20e-17 FLOPS = 2.89e+09 Tdav = 0.00 T = 0.03
 <-- Site =    3-   4 .. Mmps =   16 Ndav =   1 E =  -5092.8381958956 Error = 2.93e-17 FLOPS = 4.74e+08 Tdav = 0.00 T = 0.03
 <-- Site =    2-   3 .. Mmps =    8 Ndav =   1 E =  -5092.8381958956 Error = 3.87e-18 FLOPS = 6.91e+07 Tdav = 0.00 T = 0.02
 <-- Site =    1-   2 .. Mmps =    4 Ndav =   1 E =  -5092.8381958956 Error = 1.40e-17 FLOPS = 9.83e+06 Tdav = 0.00 T = 0.02
 <-- Site =    0-   1 .. Mmps =    2 Ndav =   1 E =  -5092.8381958956 Error = 4.66e-19 FLOPS = 1.37e+06 Tdav = 0.00 T = 0.02
Time elapsed =     66.693 | E =   -5092.8381959915 | DE = -3.31e-07 | DW = 1.79e-08
Time sweep =        3.815 | 50.8 GFLOP/SWP
 | Dmem = 115 MB (2%) | Imem = 19.4 KB (95%) | Hmem = 235 MB | Wmem = 1.38 MB | Pmem = 0 B
 | Tread = 0.169 | Twrite = 1.799 | Tfpread = 0.151 | Tfpwrite = 0.172 | Tmporead = 0.000 | Tasync = 0.000
 | data = 209 MB | cpsd = 156 MB
 | Trot = 0.172 | Tctr = 0.005 | Tint = 0.016 | Tmid = 0.109 | Tdctr = 0.027 | Tdiag = 0.024 | Tinfo = 0.066
 | Teff = 0.455 | Tprt = 0.000 | Teig = 0.565 | Tblk = 1.535 | Tmve = 2.277 | Tdm = 0.008 | Tsplt = 0.039 | Tsvd = 0.000 | Torth = 0.000


Sweep =    0 | Direction =  forward | Bond dimension =  500 | Noise =  0.00e+00 | Dav threshold =  1.00e-06
 --> Site =    0 .. Mmps =    2 Ndav =   1 E =  -5092.8381958956 Error = 0.00e+00 FLOPS = 2.27e+05 Tdav = 0.00 T = 0.01
 --> Site =    1 .. Mmps =    4 Ndav =   1 E =  -5092.8381958956 Error = 0.00e+00 FLOPS = 1.27e+06 Tdav = 0.00 T = 0.02
 --> Site =    2 .. Mmps =    8 Ndav =   1 E =  -5092.8381958956 Error = 0.00e+00 FLOPS = 8.67e+06 Tdav = 0.00 T = 0.02
 --> Site =    3 .. Mmps =   16 Ndav =   1 E =  -5092.8381958956 Error = 0.00e+00 FLOPS = 6.35e+07 Tdav = 0.00 T = 0.02
 --> Site =    4 .. Mmps =   32 Ndav =   1 E =  -5092.8381958956 Error = 0.00e+00 FLOPS = 4.30e+08 Tdav = 0.00 T = 0.02
 --> Site =    5 .. Mmps =   64 Ndav =   1 E =  -5092.8381958956 Error = 0.00e+00 FLOPS = 2.81e+09 Tdav = 0.00 T = 0.03
 --> Site =    6 .. Mmps =  127 Ndav =   1 E =  -5092.8381958956 Error = 0.00e+00 FLOPS = 1.14e+10 Tdav = 0.00 T = 0.06
 --> Site =    7 .. Mmps =  254 Ndav =   1 E =  -5092.8381958956 Error = 0.00e+00 FLOPS = 4.41e+10 Tdav = 0.01 T = 0.16
 --> Site =    8 .. Mmps =  500 Ndav =   1 E =  -5092.8381958956 Error = 1.52e-24 FLOPS = 8.21e+10 Tdav = 0.03 T = 0.62
 --> Site =    9 .. Mmps =  500 Ndav =   1 E =  -5092.8381958956 Error = 1.25e-19 FLOPS = 8.35e+10 Tdav = 0.08 T = 1.29
 --> Site =   10 .. Mmps =  499 Ndav =   1 E =  -5092.8381958956 Error = 5.08e-15 FLOPS = 1.06e+11 Tdav = 0.09 T = 1.90
 --> Site =   11 .. Mmps =  256 Ndav =   1 E =  -5092.8381958956 Error = 1.08e-17 FLOPS = 7.46e+10 Tdav = 0.03 T = 0.81
 --> Site =   12 .. Mmps =  128 Ndav =   1 E =  -5092.8381958956 Error = 1.19e-16 FLOPS = 4.33e+10 Tdav = 0.01 T = 0.24
 --> Site =   13 .. Mmps =   64 Ndav =   1 E =  -5092.8381958956 Error = 9.65e-18 FLOPS = 1.26e+10 Tdav = 0.00 T = 0.07
 --> Site =   14 .. Mmps =   32 Ndav =   1 E =  -5092.8381958956 Error = 9.50e-18 FLOPS = 2.84e+09 Tdav = 0.00 T = 0.03
 --> Site =   15 .. Mmps =   16 Ndav =   1 E =  -5092.8381958956 Error = 1.62e-17 FLOPS = 4.43e+08 Tdav = 0.00 T = 0.02
 --> Site =   16 .. Mmps =    8 Ndav =   1 E =  -5092.8381958956 Error = 6.21e-18 FLOPS = 6.03e+07 Tdav = 0.00 T = 0.02
 --> Site =   17 .. Mmps =    4 Ndav =   1 E =  -5092.8381958956 Error = 2.49e-18 FLOPS = 8.69e+06 Tdav = 0.00 T = 0.02
 --> Site =   18 .. Mmps =    2 Ndav =   1 E =  -5092.8381958956 Error = 1.15e-17 FLOPS = 1.14e+06 Tdav = 0.00 T = 0.02
 --> Site =   19 .. Mmps =    1 Ndav =   1 E =  -5092.8381958956 Error = 0.00e+00 FLOPS = 2.31e+05 Tdav = 0.00 T = 0.02
Time elapsed =     72.116 | E =   -5092.8381958956 | DW = 5.08e-15
Time sweep =        5.423 | 19.3 GFLOP/SWP
 | Dmem = 112 MB (0%) | Imem = 11.2 KB (91%) | Hmem = 319 MB | Wmem = 719 KB | Pmem = 0 B
 | Tread = 1.650 | Twrite = 2.220 | Tfpread = 1.601 | Tfpwrite = 0.216 | Tmporead = 0.000 | Tasync = 0.000
 | data = 249 MB | cpsd = 194 MB
 | Trot = 0.136 | Tctr = 0.059 | Tint = 0.039 | Tmid = 0.101 | Tdctr = 0.073 | Tdiag = 0.022 | Tinfo = 0.069
 | Teff = 1.947 | Tprt = 0.000 | Teig = 0.244 | Tblk = 2.544 | Tmve = 2.861 | Tdm = 0.006 | Tsplt = 0.039 | Tsvd = 0.000 | Torth = 0.000

Sweep =    1 | Direction = backward | Bond dimension =  500 | Noise =  0.00e+00 | Dav threshold =  1.00e-06
 <-- Site =   19 .. Mmps =    2 Ndav =   1 E =  -5092.8381958956 Error = 0.00e+00 FLOPS = 2.28e+05 Tdav = 0.00 T = 0.01
 <-- Site =   18 .. Mmps =    4 Ndav =   1 E =  -5092.8381958956 Error = 0.00e+00 FLOPS = 1.33e+06 Tdav = 0.00 T = 0.02
 <-- Site =   17 .. Mmps =    8 Ndav =   1 E =  -5092.8381958956 Error = 0.00e+00 FLOPS = 8.66e+06 Tdav = 0.00 T = 0.02
 <-- Site =   16 .. Mmps =   16 Ndav =   1 E =  -5092.8381958956 Error = 0.00e+00 FLOPS = 6.05e+07 Tdav = 0.00 T = 0.02
 <-- Site =   15 .. Mmps =   32 Ndav =   1 E =  -5092.8381958956 Error = 0.00e+00 FLOPS = 4.20e+08 Tdav = 0.00 T = 0.02
 <-- Site =   14 .. Mmps =   64 Ndav =   1 E =  -5092.8381958956 Error = 0.00e+00 FLOPS = 2.76e+09 Tdav = 0.00 T = 0.03
 <-- Site =   13 .. Mmps =  128 Ndav =   1 E =  -5092.8381958956 Error = 0.00e+00 FLOPS = 1.26e+10 Tdav = 0.00 T = 0.04
 <-- Site =   12 .. Mmps =  256 Ndav =   1 E =  -5092.8381958956 Error = 0.00e+00 FLOPS = 4.13e+10 Tdav = 0.01 T = 0.10
 <-- Site =   11 .. Mmps =  499 Ndav =   1 E =  -5092.8381958956 Error = 2.48e-24 FLOPS = 8.07e+10 Tdav = 0.03 T = 0.32
 <-- Site =   10 .. Mmps =  500 Ndav =   1 E =  -5092.8381958956 Error = 1.02e-19 FLOPS = 8.78e+10 Tdav = 0.11 T = 1.55
 <-- Site =    9 .. Mmps =  500 Ndav =   1 E =  -5092.8381958956 Error = 3.82e-17 FLOPS = 7.81e+10 Tdav = 0.08 T = 0.85
 <-- Site =    8 .. Mmps =  254 Ndav =   1 E =  -5092.8381958956 Error = 7.60e-18 FLOPS = 8.27e+10 Tdav = 0.03 T = 0.66
 <-- Site =    7 .. Mmps =  127 Ndav =   1 E =  -5092.8381958956 Error = 1.90e-16 FLOPS = 4.87e+10 Tdav = 0.00 T = 0.21
 <-- Site =    6 .. Mmps =   64 Ndav =   1 E =  -5092.8381958956 Error = 1.35e-17 FLOPS = 1.28e+10 Tdav = 0.00 T = 0.06
 <-- Site =    5 .. Mmps =   32 Ndav =   1 E =  -5092.8381958956 Error = 2.37e-17 FLOPS = 2.69e+09 Tdav = 0.00 T = 0.03
 <-- Site =    4 .. Mmps =   16 Ndav =   1 E =  -5092.8381958956 Error = 1.55e-17 FLOPS = 4.23e+08 Tdav = 0.00 T = 0.02
 <-- Site =    3 .. Mmps =    8 Ndav =   1 E =  -5092.8381958956 Error = 3.64e-18 FLOPS = 6.39e+07 Tdav = 0.00 T = 0.02
 <-- Site =    2 .. Mmps =    4 Ndav =   1 E =  -5092.8381958956 Error = 2.74e-19 FLOPS = 9.77e+06 Tdav = 0.00 T = 0.02
 <-- Site =    1 .. Mmps =    2 Ndav =   1 E =  -5092.8381958956 Error = 1.25e-19 FLOPS = 1.39e+06 Tdav = 0.00 T = 0.01
 <-- Site =    0 .. Mmps =    1 Ndav =   1 E =  -5092.8381958956 Error = 4.34e-19 FLOPS = 2.26e+05 Tdav = 0.00 T = 0.01
Time elapsed =     76.158 | E =   -5092.8381958956 | DE = 0.00e+00 | DW = 1.90e-16
Time sweep =        4.042 | 19.3 GFLOP/SWP
 | Dmem = 112 MB (0%) | Imem = 11.2 KB (91%) | Hmem = 319 MB | Wmem = 719 KB | Pmem = 0 B
 | Tread = 0.362 | Twrite = 2.169 | Tfpread = 0.340 | Tfpwrite = 0.206 | Tmporead = 0.000 | Tasync = 0.000
 | data = 250 MB | cpsd = 190 MB
 | Trot = 0.140 | Tctr = 0.053 | Tint = 0.016 | Tmid = 0.100 | Tdctr = 0.099 | Tdiag = 0.022 | Tinfo = 0.064
 | Teff = 0.682 | Tprt = 0.000 | Teig = 0.265 | Tblk = 1.291 | Tmve = 2.749 | Tdm = 0.005 | Tsplt = 0.037 | Tsvd = 0.000 | Torth = 0.000

Final canonical form =  SRRRRRRRRRRRRRRRRRRR 0
DMRG Energy = -5092.838195895576973
